{"C:\\Users\\HOME\\Documents\\Python\\clicksurvivor\\seoulsurvival\\src\\version.js": {"path":"C:\\Users\\HOME\\Documents\\Python\\clicksurvivor\\seoulsurvival\\src\\version.js","statementMap":{"0":{"start":{"line":12,"column":28},"end":{"line":12,"column":94}}},"fnMap":{},"branchMap":{"0":{"loc":{"start":{"line":12,"column":28},"end":{"line":12,"column":94}},"type":"cond-expr","locations":[{"start":{"line":12,"column":69},"end":{"line":12,"column":84}},{"start":{"line":12,"column":87},"end":{"line":12,"column":94}}],"line":12}},"s":{"0":0},"f":{},"b":{"0":[0,0]},"meta":{"lastBranch":1,"lastFunction":0,"lastStatement":1,"seen":{"s:12:28:12:94":0,"b:12:69:12:84:12:87:12:94":0}}}
,"C:\\Users\\HOME\\Documents\\Python\\clicksurvivor\\seoulsurvival\\src\\balance\\career.js": {"path":"C:\\Users\\HOME\\Documents\\Python\\clicksurvivor\\seoulsurvival\\src\\balance\\career.js","statementMap":{"0":{"start":{"line":13,"column":31},"end":{"line":13,"column":null}},"1":{"start":{"line":17,"column":29},"end":{"line":88,"column":null}}},"fnMap":{},"branchMap":{},"s":{"0":5,"1":5},"f":{},"b":{},"meta":{"lastBranch":0,"lastFunction":0,"lastStatement":2,"seen":{"s:13:31:13:Infinity":0,"s:17:29:88:Infinity":1}}}
,"C:\\Users\\HOME\\Documents\\Python\\clicksurvivor\\seoulsurvival\\src\\balance\\financial.js": {"path":"C:\\Users\\HOME\\Documents\\Python\\clicksurvivor\\seoulsurvival\\src\\balance\\financial.js","statementMap":{"0":{"start":{"line":11,"column":31},"end":{"line":17,"column":null}},"1":{"start":{"line":21,"column":40},"end":{"line":27,"column":null}},"2":{"start":{"line":30,"column":37},"end":{"line":30,"column":41}},"3":{"start":{"line":33,"column":35},"end":{"line":33,"column":38}}},"fnMap":{},"branchMap":{},"s":{"0":5,"1":5,"2":5,"3":5},"f":{},"b":{},"meta":{"lastBranch":0,"lastFunction":0,"lastStatement":4,"seen":{"s:11:31:17:Infinity":0,"s:21:40:27:Infinity":1,"s:30:37:30:41":2,"s:33:35:33:38":3}}}
,"C:\\Users\\HOME\\Documents\\Python\\clicksurvivor\\seoulsurvival\\src\\balance\\index.js": {"path":"C:\\Users\\HOME\\Documents\\Python\\clicksurvivor\\seoulsurvival\\src\\balance\\index.js","statementMap":{},"fnMap":{},"branchMap":{},"s":{},"f":{},"b":{},"meta":{"lastBranch":0,"lastFunction":0,"lastStatement":0,"seen":{}}}
,"C:\\Users\\HOME\\Documents\\Python\\clicksurvivor\\seoulsurvival\\src\\balance\\marketEvents.js": {"path":"C:\\Users\\HOME\\Documents\\Python\\clicksurvivor\\seoulsurvival\\src\\balance\\marketEvents.js","statementMap":{"0":{"start":{"line":16,"column":29},"end":{"line":131,"column":null}}},"fnMap":{},"branchMap":{},"s":{"0":5},"f":{},"b":{},"meta":{"lastBranch":0,"lastFunction":0,"lastStatement":1,"seen":{"s:16:29:131:Infinity":0}}}
,"C:\\Users\\HOME\\Documents\\Python\\clicksurvivor\\seoulsurvival\\src\\balance\\property.js": {"path":"C:\\Users\\HOME\\Documents\\Python\\clicksurvivor\\seoulsurvival\\src\\balance\\property.js","statementMap":{"0":{"start":{"line":13,"column":26},"end":{"line":20,"column":null}},"1":{"start":{"line":24,"column":33},"end":{"line":31,"column":null}},"2":{"start":{"line":34,"column":36},"end":{"line":34,"column":40}},"3":{"start":{"line":37,"column":34},"end":{"line":37,"column":37}},"4":{"start":{"line":40,"column":28},"end":{"line":45,"column":null}}},"fnMap":{},"branchMap":{},"s":{"0":5,"1":5,"2":5,"3":5,"4":5},"f":{},"b":{},"meta":{"lastBranch":0,"lastFunction":0,"lastStatement":5,"seen":{"s:13:26:20:Infinity":0,"s:24:33:31:Infinity":1,"s:34:36:34:40":2,"s:37:34:37:37":3,"s:40:28:45:Infinity":4}}}
,"C:\\Users\\HOME\\Documents\\Python\\clicksurvivor\\seoulsurvival\\src\\balance\\upgrades.js": {"path":"C:\\Users\\HOME\\Documents\\Python\\clicksurvivor\\seoulsurvival\\src\\balance\\upgrades.js","statementMap":{"0":{"start":{"line":16,"column":30},"end":{"line":126,"column":null}},"1":{"start":{"line":131,"column":34},"end":{"line":172,"column":null}},"2":{"start":{"line":175,"column":33},"end":{"line":216,"column":null}},"3":{"start":{"line":219,"column":31},"end":{"line":249,"column":null}},"4":{"start":{"line":253,"column":28},"end":{"line":268,"column":null}}},"fnMap":{},"branchMap":{},"s":{"0":4,"1":4,"2":4,"3":4,"4":4},"f":{},"b":{},"meta":{"lastBranch":0,"lastFunction":0,"lastStatement":5,"seen":{"s:16:30:126:Infinity":0,"s:131:34:172:Infinity":1,"s:175:33:216:Infinity":2,"s:219:31:249:Infinity":3,"s:253:28:268:Infinity":4}}}
,"C:\\Users\\HOME\\Documents\\Python\\clicksurvivor\\seoulsurvival\\src\\core\\errorBoundary.js": {"path":"C:\\Users\\HOME\\Documents\\Python\\clicksurvivor\\seoulsurvival\\src\\core\\errorBoundary.js","statementMap":{"0":{"start":{"line":12,"column":2},"end":{"line":12,"column":null}},"1":{"start":{"line":15,"column":1},"end":{"line":18,"column":null}},"2":{"start":{"line":21,"column":2},"end":{"line":44,"column":null}},"3":{"start":{"line":22,"column":4},"end":{"line":43,"column":null}},"4":{"start":{"line":32,"column":12},"end":{"line":32,"column":null}},"5":{"start":{"line":39,"column":12},"end":{"line":39,"column":null}},"6":{"start":{"line":55,"column":2},"end":{"line":72,"column":null}},"7":{"start":{"line":56,"column":4},"end":{"line":71,"column":null}},"8":{"start":{"line":57,"column":21},"end":{"line":57,"column":null}},"9":{"start":{"line":60,"column":6},"end":{"line":65,"column":null}},"10":{"start":{"line":61,"column":8},"end":{"line":64,"column":null}},"11":{"start":{"line":62,"column":10},"end":{"line":62,"column":null}},"12":{"start":{"line":63,"column":10},"end":{"line":63,"column":null}},"13":{"start":{"line":67,"column":6},"end":{"line":67,"column":null}},"14":{"start":{"line":69,"column":6},"end":{"line":69,"column":null}},"15":{"start":{"line":70,"column":6},"end":{"line":70,"column":null}},"16":{"start":{"line":82,"column":2},"end":{"line":98,"column":null}},"17":{"start":{"line":83,"column":4},"end":{"line":83,"column":26}},"18":{"start":{"line":85,"column":4},"end":{"line":85,"column":null}},"19":{"start":{"line":86,"column":3},"end":{"line":94,"column":null}},"20":{"start":{"line":101,"column":2},"end":{"line":112,"column":null}},"21":{"start":{"line":102,"column":4},"end":{"line":102,"column":26}},"22":{"start":{"line":104,"column":4},"end":{"line":104,"column":null}},"23":{"start":{"line":105,"column":3},"end":{"line":111,"column":null}},"24":{"start":{"line":115,"column":2},"end":{"line":129,"column":null}},"25":{"start":{"line":116,"column":29},"end":{"line":116,"column":null}},"26":{"start":{"line":117,"column":4},"end":{"line":128,"column":null}},"27":{"start":{"line":118,"column":6},"end":{"line":127,"column":null}},"28":{"start":{"line":119,"column":8},"end":{"line":119,"column":null}},"29":{"start":{"line":121,"column":8},"end":{"line":121,"column":null}},"30":{"start":{"line":122,"column":7},"end":{"line":125,"column":null}},"31":{"start":{"line":132,"column":2},"end":{"line":159,"column":null}},"32":{"start":{"line":133,"column":30},"end":{"line":133,"column":null}},"33":{"start":{"line":134,"column":4},"end":{"line":158,"column":null}},"34":{"start":{"line":135,"column":6},"end":{"line":157,"column":null}},"35":{"start":{"line":136,"column":23},"end":{"line":136,"column":null}},"36":{"start":{"line":139,"column":8},"end":{"line":148,"column":null}},"37":{"start":{"line":140,"column":10},"end":{"line":147,"column":null}},"38":{"start":{"line":141,"column":12},"end":{"line":141,"column":null}},"39":{"start":{"line":142,"column":11},"end":{"line":145,"column":null}},"40":{"start":{"line":150,"column":8},"end":{"line":150,"column":null}},"41":{"start":{"line":152,"column":8},"end":{"line":152,"column":null}},"42":{"start":{"line":153,"column":7},"end":{"line":156,"column":null}},"43":{"start":{"line":161,"column":2},"end":{"line":161,"column":null}},"44":{"start":{"line":170,"column":16},"end":{"line":170,"column":null}},"45":{"start":{"line":171,"column":1},"end":{"line":175,"column":null}},"46":{"start":{"line":182,"column":2},"end":{"line":184,"column":null}},"47":{"start":{"line":183,"column":4},"end":{"line":183,"column":null}},"48":{"start":{"line":185,"column":2},"end":{"line":185,"column":null}}},"fnMap":{"0":{"name":"handleGameError","decl":{"start":{"line":11,"column":9},"end":{"line":11,"column":24}},"loc":{"start":{"line":11,"column":71},"end":{"line":45,"column":null}},"line":11},"1":{"name":"(anonymous_1)","decl":{"start":{"line":31,"column":19},"end":{"line":31,"column":20}},"loc":{"start":{"line":31,"column":25},"end":{"line":33,"column":11}},"line":31},"2":{"name":"(anonymous_2)","decl":{"start":{"line":38,"column":19},"end":{"line":38,"column":20}},"loc":{"start":{"line":38,"column":25},"end":{"line":40,"column":11}},"line":38},"3":{"name":"wrapFunction","decl":{"start":{"line":54,"column":16},"end":{"line":54,"column":28}},"loc":{"start":{"line":54,"column":60},"end":{"line":73,"column":null}},"line":54},"4":{"name":"(anonymous_4)","decl":{"start":{"line":55,"column":9},"end":{"line":55,"column":17}},"loc":{"start":{"line":55,"column":28},"end":{"line":72,"column":null}},"line":55},"5":{"name":"(anonymous_5)","decl":{"start":{"line":61,"column":28},"end":{"line":61,"column":33}},"loc":{"start":{"line":61,"column":37},"end":{"line":64,"column":9}},"line":61},"6":{"name":"setupErrorBoundary","decl":{"start":{"line":80,"column":16},"end":{"line":80,"column":34}},"loc":{"start":{"line":80,"column":37},"end":{"line":162,"column":null}},"line":80},"7":{"name":"(anonymous_7)","decl":{"start":{"line":82,"column":35},"end":{"line":82,"column":40}},"loc":{"start":{"line":82,"column":44},"end":{"line":98,"column":3}},"line":82},"8":{"name":"(anonymous_8)","decl":{"start":{"line":101,"column":48},"end":{"line":101,"column":53}},"loc":{"start":{"line":101,"column":57},"end":{"line":112,"column":3}},"line":101},"9":{"name":"(anonymous_9)","decl":{"start":{"line":117,"column":22},"end":{"line":117,"column":30}},"loc":{"start":{"line":117,"column":41},"end":{"line":128,"column":null}},"line":117},"10":{"name":"(anonymous_10)","decl":{"start":{"line":134,"column":23},"end":{"line":134,"column":31}},"loc":{"start":{"line":134,"column":42},"end":{"line":158,"column":null}},"line":134},"11":{"name":"(anonymous_11)","decl":{"start":{"line":140,"column":30},"end":{"line":140,"column":35}},"loc":{"start":{"line":140,"column":39},"end":{"line":147,"column":11}},"line":140},"12":{"name":"logError","decl":{"start":{"line":169,"column":16},"end":{"line":169,"column":24}},"loc":{"start":{"line":169,"column":48},"end":{"line":176,"column":null}},"line":169},"13":{"name":"t","decl":{"start":{"line":180,"column":9},"end":{"line":180,"column":10}},"loc":{"start":{"line":180,"column":16},"end":{"line":186,"column":null}},"line":180}},"branchMap":{"0":{"loc":{"start":{"line":11,"column":32},"end":{"line":11,"column":51}},"type":"default-arg","locations":[{"start":{"line":11,"column":42},"end":{"line":11,"column":51}}],"line":11},"1":{"loc":{"start":{"line":11,"column":53},"end":{"line":11,"column":69}},"type":"default-arg","locations":[{"start":{"line":11,"column":65},"end":{"line":11,"column":69}}],"line":11},"2":{"loc":{"start":{"line":21,"column":2},"end":{"line":44,"column":null}},"type":"if","locations":[{"start":{"line":21,"column":2},"end":{"line":44,"column":null}},{"start":{},"end":{}}],"line":21},"3":{"loc":{"start":{"line":23,"column":13},"end":{"line":23,"column":56}},"type":"binary-expr","locations":[{"start":{"line":23,"column":13},"end":{"line":23,"column":45}},{"start":{"line":23,"column":49},"end":{"line":23,"column":56}}],"line":23},"4":{"loc":{"start":{"line":25,"column":8},"end":{"line":26,"column":68}},"type":"binary-expr","locations":[{"start":{"line":25,"column":8},"end":{"line":25,"column":42}},{"start":{"line":26,"column":8},"end":{"line":26,"column":68}}],"line":25},"5":{"loc":{"start":{"line":29,"column":16},"end":{"line":29,"column":41}},"type":"binary-expr","locations":[{"start":{"line":29,"column":16},"end":{"line":29,"column":31}},{"start":{"line":29,"column":35},"end":{"line":29,"column":41}}],"line":29},"6":{"loc":{"start":{"line":36,"column":16},"end":{"line":36,"column":37}},"type":"binary-expr","locations":[{"start":{"line":36,"column":16},"end":{"line":36,"column":29}},{"start":{"line":36,"column":33},"end":{"line":36,"column":37}}],"line":36},"7":{"loc":{"start":{"line":54,"column":42},"end":{"line":54,"column":58}},"type":"default-arg","locations":[{"start":{"line":54,"column":54},"end":{"line":54,"column":58}}],"line":54},"8":{"loc":{"start":{"line":60,"column":6},"end":{"line":65,"column":null}},"type":"if","locations":[{"start":{"line":60,"column":6},"end":{"line":65,"column":null}},{"start":{},"end":{}}],"line":60},"9":{"loc":{"start":{"line":60,"column":10},"end":{"line":60,"column":54}},"type":"binary-expr","locations":[{"start":{"line":60,"column":10},"end":{"line":60,"column":16}},{"start":{"line":60,"column":20},"end":{"line":60,"column":54}}],"line":60},"10":{"loc":{"start":{"line":86,"column":17},"end":{"line":86,"column":56}},"type":"binary-expr","locations":[{"start":{"line":86,"column":17},"end":{"line":86,"column":28}},{"start":{"line":86,"column":32},"end":{"line":86,"column":56}}],"line":86},"11":{"loc":{"start":{"line":105,"column":17},"end":{"line":105,"column":73}},"type":"binary-expr","locations":[{"start":{"line":105,"column":17},"end":{"line":105,"column":29}},{"start":{"line":105,"column":33},"end":{"line":105,"column":73}}],"line":105},"12":{"loc":{"start":{"line":115,"column":2},"end":{"line":129,"column":null}},"type":"if","locations":[{"start":{"line":115,"column":2},"end":{"line":129,"column":null}},{"start":{},"end":{}}],"line":115},"13":{"loc":{"start":{"line":132,"column":2},"end":{"line":159,"column":null}},"type":"if","locations":[{"start":{"line":132,"column":2},"end":{"line":159,"column":null}},{"start":{},"end":{}}],"line":132},"14":{"loc":{"start":{"line":139,"column":8},"end":{"line":148,"column":null}},"type":"if","locations":[{"start":{"line":139,"column":8},"end":{"line":148,"column":null}},{"start":{},"end":{}}],"line":139},"15":{"loc":{"start":{"line":139,"column":12},"end":{"line":139,"column":56}},"type":"binary-expr","locations":[{"start":{"line":139,"column":12},"end":{"line":139,"column":18}},{"start":{"line":139,"column":22},"end":{"line":139,"column":56}}],"line":139},"16":{"loc":{"start":{"line":169,"column":34},"end":{"line":169,"column":46}},"type":"default-arg","locations":[{"start":{"line":169,"column":44},"end":{"line":169,"column":46}}],"line":169},"17":{"loc":{"start":{"line":172,"column":10},"end":{"line":172,"column":28}},"type":"binary-expr","locations":[{"start":{"line":172,"column":10},"end":{"line":172,"column":22}},{"start":{"line":172,"column":26},"end":{"line":172,"column":28}}],"line":172},"18":{"loc":{"start":{"line":173,"column":11},"end":{"line":173,"column":34}},"type":"binary-expr","locations":[{"start":{"line":173,"column":11},"end":{"line":173,"column":24}},{"start":{"line":173,"column":28},"end":{"line":173,"column":34}}],"line":173},"19":{"loc":{"start":{"line":174,"column":11},"end":{"line":174,"column":30}},"type":"binary-expr","locations":[{"start":{"line":174,"column":11},"end":{"line":174,"column":24}},{"start":{"line":174,"column":28},"end":{"line":174,"column":30}}],"line":174},"20":{"loc":{"start":{"line":182,"column":2},"end":{"line":184,"column":null}},"type":"if","locations":[{"start":{"line":182,"column":2},"end":{"line":184,"column":null}},{"start":{},"end":{}}],"line":182}},"s":{"0":0,"1":0,"2":0,"3":0,"4":0,"5":0,"6":0,"7":0,"8":0,"9":0,"10":0,"11":0,"12":0,"13":0,"14":0,"15":0,"16":0,"17":0,"18":0,"19":0,"20":0,"21":0,"22":0,"23":0,"24":0,"25":0,"26":0,"27":0,"28":0,"29":0,"30":0,"31":0,"32":0,"33":0,"34":0,"35":0,"36":0,"37":0,"38":0,"39":0,"40":0,"41":0,"42":0,"43":0,"44":0,"45":0,"46":0,"47":0,"48":0},"f":{"0":0,"1":0,"2":0,"3":0,"4":0,"5":0,"6":0,"7":0,"8":0,"9":0,"10":0,"11":0,"12":0,"13":0},"b":{"0":[0],"1":[0],"2":[0,0],"3":[0,0],"4":[0,0],"5":[0,0],"6":[0,0],"7":[0],"8":[0,0],"9":[0,0],"10":[0,0],"11":[0,0],"12":[0,0],"13":[0,0],"14":[0,0],"15":[0,0],"16":[0],"17":[0,0],"18":[0,0],"19":[0,0],"20":[0,0]},"meta":{"lastBranch":21,"lastFunction":14,"lastStatement":49,"seen":{"f:11:9:11:24":0,"b:11:42:11:51":0,"b:11:65:11:69":1,"s:12:2:12:Infinity":0,"s:15:1:18:Infinity":1,"b:21:2:44:Infinity:undefined:undefined:undefined:undefined":2,"s:21:2:44:Infinity":2,"s:22:4:43:Infinity":3,"b:23:13:23:45:23:49:23:56":3,"b:25:8:25:42:26:8:26:68":4,"b:29:16:29:31:29:35:29:41":5,"f:31:19:31:20":1,"s:32:12:32:Infinity":4,"b:36:16:36:29:36:33:36:37":6,"f:38:19:38:20":2,"s:39:12:39:Infinity":5,"f:54:16:54:28":3,"b:54:54:54:58":7,"s:55:2:72:Infinity":6,"f:55:9:55:17":4,"s:56:4:71:Infinity":7,"s:57:21:57:Infinity":8,"b:60:6:65:Infinity:undefined:undefined:undefined:undefined":8,"s:60:6:65:Infinity":9,"b:60:10:60:16:60:20:60:54":9,"s:61:8:64:Infinity":10,"f:61:28:61:33":5,"s:62:10:62:Infinity":11,"s:63:10:63:Infinity":12,"s:67:6:67:Infinity":13,"s:69:6:69:Infinity":14,"s:70:6:70:Infinity":15,"f:80:16:80:34":6,"s:82:2:98:Infinity":16,"f:82:35:82:40":7,"s:83:4:83:26":17,"s:85:4:85:Infinity":18,"s:86:3:94:Infinity":19,"b:86:17:86:28:86:32:86:56":10,"s:101:2:112:Infinity":20,"f:101:48:101:53":8,"s:102:4:102:26":21,"s:104:4:104:Infinity":22,"s:105:3:111:Infinity":23,"b:105:17:105:29:105:33:105:73":11,"b:115:2:129:Infinity:undefined:undefined:undefined:undefined":12,"s:115:2:129:Infinity":24,"s:116:29:116:Infinity":25,"s:117:4:128:Infinity":26,"f:117:22:117:30":9,"s:118:6:127:Infinity":27,"s:119:8:119:Infinity":28,"s:121:8:121:Infinity":29,"s:122:7:125:Infinity":30,"b:132:2:159:Infinity:undefined:undefined:undefined:undefined":13,"s:132:2:159:Infinity":31,"s:133:30:133:Infinity":32,"s:134:4:158:Infinity":33,"f:134:23:134:31":10,"s:135:6:157:Infinity":34,"s:136:23:136:Infinity":35,"b:139:8:148:Infinity:undefined:undefined:undefined:undefined":14,"s:139:8:148:Infinity":36,"b:139:12:139:18:139:22:139:56":15,"s:140:10:147:Infinity":37,"f:140:30:140:35":11,"s:141:12:141:Infinity":38,"s:142:11:145:Infinity":39,"s:150:8:150:Infinity":40,"s:152:8:152:Infinity":41,"s:153:7:156:Infinity":42,"s:161:2:161:Infinity":43,"f:169:16:169:24":12,"b:169:44:169:46":16,"s:170:16:170:Infinity":44,"s:171:1:175:Infinity":45,"b:172:10:172:22:172:26:172:28":17,"b:173:11:173:24:173:28:173:34":18,"b:174:11:174:24:174:28:174:30":19,"f:180:9:180:10":13,"b:182:2:184:Infinity:undefined:undefined:undefined:undefined":20,"s:182:2:184:Infinity":46,"s:183:4:183:Infinity":47,"s:185:2:185:Infinity":48}}}
,"C:\\Users\\HOME\\Documents\\Python\\clicksurvivor\\seoulsurvival\\src\\economy\\income.js": {"path":"C:\\Users\\HOME\\Documents\\Python\\clicksurvivor\\seoulsurvival\\src\\economy\\income.js","statementMap":{"0":{"start":{"line":26,"column":21},"end":{"line":26,"column":43}},"1":{"start":{"line":27,"column":15},"end":{"line":27,"column":33}},"2":{"start":{"line":28,"column":21},"end":{"line":28,"column":64}},"3":{"start":{"line":29,"column":2},"end":{"line":29,"column":22}},"4":{"start":{"line":31,"column":2},"end":{"line":31,"column":61}},"5":{"start":{"line":33,"column":2},"end":{"line":33,"column":48}},"6":{"start":{"line":34,"column":2},"end":{"line":34,"column":47}},"7":{"start":{"line":35,"column":2},"end":{"line":35,"column":15}},"8":{"start":{"line":46,"column":21},"end":{"line":46,"column":36}},"9":{"start":{"line":47,"column":15},"end":{"line":47,"column":33}},"10":{"start":{"line":48,"column":21},"end":{"line":48,"column":63}},"11":{"start":{"line":49,"column":2},"end":{"line":49,"column":22}},"12":{"start":{"line":51,"column":2},"end":{"line":51,"column":60}},"13":{"start":{"line":53,"column":2},"end":{"line":53,"column":48}},"14":{"start":{"line":54,"column":2},"end":{"line":54,"column":47}},"15":{"start":{"line":55,"column":2},"end":{"line":55,"column":15}},"16":{"start":{"line":67,"column":4},"end":{"line":71,"column":73}},"17":{"start":{"line":75,"column":4},"end":{"line":79,"column":76}},"18":{"start":{"line":82,"column":22},"end":{"line":82,"column":75}},"19":{"start":{"line":83,"column":2},"end":{"line":83,"column":45}},"20":{"start":{"line":94,"column":4},"end":{"line":98,"column":73}},"21":{"start":{"line":101,"column":4},"end":{"line":105,"column":76}},"22":{"start":{"line":108,"column":2},"end":{"line":108,"column":62}},"23":{"start":{"line":118,"column":24},"end":{"line":118,"column":50}},"24":{"start":{"line":119,"column":22},"end":{"line":119,"column":59}},"25":{"start":{"line":120,"column":2},"end":{"line":120,"column":96}},"26":{"start":{"line":129,"column":2},"end":{"line":129,"column":35}},"27":{"start":{"line":138,"column":2},"end":{"line":138,"column":87}}},"fnMap":{"0":{"name":"getFinancialIncome","decl":{"start":{"line":25,"column":16},"end":{"line":25,"column":34}},"loc":{"start":{"line":25,"column":74},"end":{"line":36,"column":1}},"line":25},"1":{"name":"getPropertyIncome","decl":{"start":{"line":45,"column":16},"end":{"line":45,"column":33}},"loc":{"start":{"line":45,"column":73},"end":{"line":56,"column":1}},"line":45},"2":{"name":"getRps","decl":{"start":{"line":64,"column":16},"end":{"line":64,"column":22}},"loc":{"start":{"line":64,"column":56},"end":{"line":84,"column":1}},"line":64},"3":{"name":"getTotalIncomeForContribution","decl":{"start":{"line":92,"column":16},"end":{"line":92,"column":45}},"loc":{"start":{"line":92,"column":79},"end":{"line":109,"column":1}},"line":92},"4":{"name":"getClickIncome","decl":{"start":{"line":117,"column":16},"end":{"line":117,"column":30}},"loc":{"start":{"line":117,"column":61},"end":{"line":121,"column":1}},"line":117},"5":{"name":"getCurrentCareer","decl":{"start":{"line":128,"column":16},"end":{"line":128,"column":32}},"loc":{"start":{"line":128,"column":46},"end":{"line":130,"column":1}},"line":128},"6":{"name":"getNextCareer","decl":{"start":{"line":137,"column":16},"end":{"line":137,"column":29}},"loc":{"start":{"line":137,"column":43},"end":{"line":139,"column":1}},"line":137}},"branchMap":{"0":{"loc":{"start":{"line":138,"column":9},"end":{"line":138,"column":87}},"type":"cond-expr","locations":[{"start":{"line":138,"column":50},"end":{"line":138,"column":80}},{"start":{"line":138,"column":83},"end":{"line":138,"column":87}}],"line":138}},"s":{"0":0,"1":0,"2":0,"3":0,"4":0,"5":0,"6":0,"7":0,"8":0,"9":0,"10":0,"11":0,"12":0,"13":0,"14":0,"15":0,"16":0,"17":0,"18":0,"19":0,"20":0,"21":0,"22":0,"23":0,"24":0,"25":0,"26":0,"27":0},"f":{"0":0,"1":0,"2":0,"3":0,"4":0,"5":0,"6":0},"b":{"0":[0,0]},"meta":{"lastBranch":1,"lastFunction":7,"lastStatement":28,"seen":{"f:25:16:25:34":0,"s:26:21:26:43":0,"s:27:15:27:33":1,"s:28:21:28:64":2,"s:29:2:29:22":3,"s:31:2:31:61":4,"s:33:2:33:48":5,"s:34:2:34:47":6,"s:35:2:35:15":7,"f:45:16:45:33":1,"s:46:21:46:36":8,"s:47:15:47:33":9,"s:48:21:48:63":10,"s:49:2:49:22":11,"s:51:2:51:60":12,"s:53:2:53:48":13,"s:54:2:54:47":14,"s:55:2:55:15":15,"f:64:16:64:22":2,"s:67:4:71:73":16,"s:75:4:79:76":17,"s:82:22:82:75":18,"s:83:2:83:45":19,"f:92:16:92:45":3,"s:94:4:98:73":20,"s:101:4:105:76":21,"s:108:2:108:62":22,"f:117:16:117:30":4,"s:118:24:118:50":23,"s:119:22:119:59":24,"s:120:2:120:96":25,"f:128:16:128:32":5,"s:129:2:129:35":26,"f:137:16:137:29":6,"s:138:2:138:87":27,"b:138:50:138:80:138:83:138:87":0}}}
,"C:\\Users\\HOME\\Documents\\Python\\clicksurvivor\\seoulsurvival\\src\\economy\\pricing.js": {"path":"C:\\Users\\HOME\\Documents\\Python\\clicksurvivor\\seoulsurvival\\src\\economy\\pricing.js","statementMap":{"0":{"start":{"line":15,"column":31},"end":{"line":15,"column":null}},"1":{"start":{"line":16,"column":30},"end":{"line":16,"column":null}},"2":{"start":{"line":18,"column":23},"end":{"line":18,"column":44}},"3":{"start":{"line":21,"column":14},"end":{"line":21,"column":null}},"4":{"start":{"line":22,"column":2},"end":{"line":25,"column":null}},"5":{"start":{"line":22,"column":15},"end":{"line":22,"column":16}},"6":{"start":{"line":23,"column":16},"end":{"line":23,"column":null}},"7":{"start":{"line":24,"column":4},"end":{"line":24,"column":null}},"8":{"start":{"line":26,"column":2},"end":{"line":26,"column":null}},"9":{"start":{"line":30,"column":19},"end":{"line":30,"column":null}},"10":{"start":{"line":31,"column":2},"end":{"line":31,"column":null}},"11":{"start":{"line":31,"column":34},"end":{"line":31,"column":null}},"12":{"start":{"line":32,"column":20},"end":{"line":32,"column":null}},"13":{"start":{"line":34,"column":19},"end":{"line":34,"column":null}},"14":{"start":{"line":35,"column":2},"end":{"line":35,"column":null}},"15":{"start":{"line":39,"column":19},"end":{"line":39,"column":null}},"16":{"start":{"line":40,"column":2},"end":{"line":40,"column":null}},"17":{"start":{"line":40,"column":34},"end":{"line":40,"column":null}},"18":{"start":{"line":41,"column":20},"end":{"line":41,"column":null}},"19":{"start":{"line":43,"column":19},"end":{"line":43,"column":null}},"20":{"start":{"line":44,"column":2},"end":{"line":44,"column":null}},"21":{"start":{"line":48,"column":2},"end":{"line":48,"column":null}},"22":{"start":{"line":48,"column":35},"end":{"line":48,"column":null}},"23":{"start":{"line":50,"column":14},"end":{"line":50,"column":null}},"24":{"start":{"line":51,"column":2},"end":{"line":55,"column":null}},"25":{"start":{"line":51,"column":15},"end":{"line":51,"column":16}},"26":{"start":{"line":52,"column":4},"end":{"line":52,"column":null}},"27":{"start":{"line":52,"column":24},"end":{"line":52,"column":null}},"28":{"start":{"line":53,"column":21},"end":{"line":53,"column":null}},"29":{"start":{"line":54,"column":4},"end":{"line":54,"column":null}},"30":{"start":{"line":56,"column":2},"end":{"line":56,"column":null}},"31":{"start":{"line":60,"column":2},"end":{"line":60,"column":null}},"32":{"start":{"line":60,"column":35},"end":{"line":60,"column":null}},"33":{"start":{"line":62,"column":14},"end":{"line":62,"column":null}},"34":{"start":{"line":63,"column":2},"end":{"line":67,"column":null}},"35":{"start":{"line":63,"column":15},"end":{"line":63,"column":16}},"36":{"start":{"line":64,"column":4},"end":{"line":64,"column":null}},"37":{"start":{"line":64,"column":24},"end":{"line":64,"column":null}},"38":{"start":{"line":65,"column":21},"end":{"line":65,"column":null}},"39":{"start":{"line":66,"column":4},"end":{"line":66,"column":null}},"40":{"start":{"line":68,"column":2},"end":{"line":68,"column":null}},"41":{"start":{"line":74,"column":2},"end":{"line":74,"column":null}},"42":{"start":{"line":74,"column":17},"end":{"line":74,"column":null}},"43":{"start":{"line":75,"column":2},"end":{"line":75,"column":null}},"44":{"start":{"line":75,"column":18},"end":{"line":75,"column":null}},"45":{"start":{"line":76,"column":2},"end":{"line":76,"column":null}},"46":{"start":{"line":76,"column":18},"end":{"line":76,"column":null}},"47":{"start":{"line":77,"column":2},"end":{"line":77,"column":null}}},"fnMap":{"0":{"name":"sumGeometricCost","decl":{"start":{"line":20,"column":9},"end":{"line":20,"column":25}},"loc":{"start":{"line":20,"column":83},"end":{"line":27,"column":null}},"line":20},"1":{"name":"getFinancialCost","decl":{"start":{"line":29,"column":16},"end":{"line":29,"column":32}},"loc":{"start":{"line":29,"column":60},"end":{"line":36,"column":null}},"line":29},"2":{"name":"getPropertyCost","decl":{"start":{"line":38,"column":16},"end":{"line":38,"column":31}},"loc":{"start":{"line":38,"column":59},"end":{"line":45,"column":null}},"line":38},"3":{"name":"getFinancialSellPrice","decl":{"start":{"line":47,"column":16},"end":{"line":47,"column":37}},"loc":{"start":{"line":47,"column":65},"end":{"line":57,"column":null}},"line":47},"4":{"name":"getPropertySellPrice","decl":{"start":{"line":59,"column":16},"end":{"line":59,"column":36}},"loc":{"start":{"line":59,"column":64},"end":{"line":69,"column":null}},"line":59},"5":{"name":"getPriceMultiplierByTier","decl":{"start":{"line":73,"column":16},"end":{"line":73,"column":40}},"loc":{"start":{"line":73,"column":48},"end":{"line":78,"column":null}},"line":73}},"branchMap":{"0":{"loc":{"start":{"line":20,"column":58},"end":{"line":20,"column":81}},"type":"default-arg","locations":[{"start":{"line":20,"column":67},"end":{"line":20,"column":81}}],"line":20},"1":{"loc":{"start":{"line":29,"column":46},"end":{"line":29,"column":58}},"type":"default-arg","locations":[{"start":{"line":29,"column":57},"end":{"line":29,"column":58}}],"line":29},"2":{"loc":{"start":{"line":31,"column":2},"end":{"line":31,"column":null}},"type":"if","locations":[{"start":{"line":31,"column":2},"end":{"line":31,"column":null}},{"start":{},"end":{}}],"line":31},"3":{"loc":{"start":{"line":31,"column":6},"end":{"line":31,"column":32}},"type":"binary-expr","locations":[{"start":{"line":31,"column":6},"end":{"line":31,"column":15}},{"start":{"line":31,"column":19},"end":{"line":31,"column":32}}],"line":31},"4":{"loc":{"start":{"line":38,"column":45},"end":{"line":38,"column":57}},"type":"default-arg","locations":[{"start":{"line":38,"column":56},"end":{"line":38,"column":57}}],"line":38},"5":{"loc":{"start":{"line":40,"column":2},"end":{"line":40,"column":null}},"type":"if","locations":[{"start":{"line":40,"column":2},"end":{"line":40,"column":null}},{"start":{},"end":{}}],"line":40},"6":{"loc":{"start":{"line":40,"column":6},"end":{"line":40,"column":32}},"type":"binary-expr","locations":[{"start":{"line":40,"column":6},"end":{"line":40,"column":15}},{"start":{"line":40,"column":19},"end":{"line":40,"column":32}}],"line":40},"7":{"loc":{"start":{"line":47,"column":51},"end":{"line":47,"column":63}},"type":"default-arg","locations":[{"start":{"line":47,"column":62},"end":{"line":47,"column":63}}],"line":47},"8":{"loc":{"start":{"line":48,"column":2},"end":{"line":48,"column":null}},"type":"if","locations":[{"start":{"line":48,"column":2},"end":{"line":48,"column":null}},{"start":{},"end":{}}],"line":48},"9":{"loc":{"start":{"line":48,"column":6},"end":{"line":48,"column":33}},"type":"binary-expr","locations":[{"start":{"line":48,"column":6},"end":{"line":48,"column":16}},{"start":{"line":48,"column":20},"end":{"line":48,"column":33}}],"line":48},"10":{"loc":{"start":{"line":52,"column":4},"end":{"line":52,"column":null}},"type":"if","locations":[{"start":{"line":52,"column":4},"end":{"line":52,"column":null}},{"start":{},"end":{}}],"line":52},"11":{"loc":{"start":{"line":59,"column":50},"end":{"line":59,"column":62}},"type":"default-arg","locations":[{"start":{"line":59,"column":61},"end":{"line":59,"column":62}}],"line":59},"12":{"loc":{"start":{"line":60,"column":2},"end":{"line":60,"column":null}},"type":"if","locations":[{"start":{"line":60,"column":2},"end":{"line":60,"column":null}},{"start":{},"end":{}}],"line":60},"13":{"loc":{"start":{"line":60,"column":6},"end":{"line":60,"column":33}},"type":"binary-expr","locations":[{"start":{"line":60,"column":6},"end":{"line":60,"column":16}},{"start":{"line":60,"column":20},"end":{"line":60,"column":33}}],"line":60},"14":{"loc":{"start":{"line":64,"column":4},"end":{"line":64,"column":null}},"type":"if","locations":[{"start":{"line":64,"column":4},"end":{"line":64,"column":null}},{"start":{},"end":{}}],"line":64},"15":{"loc":{"start":{"line":74,"column":2},"end":{"line":74,"column":null}},"type":"if","locations":[{"start":{"line":74,"column":2},"end":{"line":74,"column":null}},{"start":{},"end":{}}],"line":74},"16":{"loc":{"start":{"line":75,"column":2},"end":{"line":75,"column":null}},"type":"if","locations":[{"start":{"line":75,"column":2},"end":{"line":75,"column":null}},{"start":{},"end":{}}],"line":75},"17":{"loc":{"start":{"line":76,"column":2},"end":{"line":76,"column":null}},"type":"if","locations":[{"start":{"line":76,"column":2},"end":{"line":76,"column":null}},{"start":{},"end":{}}],"line":76}},"s":{"0":1,"1":1,"2":1,"3":29,"4":29,"5":29,"6":47,"7":47,"8":29,"9":27,"10":27,"11":3,"12":24,"13":24,"14":24,"15":7,"16":7,"17":2,"18":5,"19":5,"20":5,"21":5,"22":2,"23":3,"24":3,"25":3,"26":17,"27":1,"28":16,"29":16,"30":3,"31":3,"32":2,"33":1,"34":1,"35":1,"36":1,"37":0,"38":1,"39":1,"40":1,"41":8,"42":2,"43":6,"44":2,"45":4,"46":4,"47":2},"f":{"0":29,"1":27,"2":7,"3":5,"4":3,"5":8},"b":{"0":[29],"1":[27],"2":[3,24],"3":[27,26],"4":[7],"5":[2,5],"6":[7,6],"7":[5],"8":[2,3],"9":[5,4],"10":[1,16],"11":[3],"12":[2,1],"13":[3,2],"14":[0,1],"15":[2,6],"16":[2,4],"17":[2,2]},"meta":{"lastBranch":18,"lastFunction":6,"lastStatement":48,"seen":{"s:15:31:15:Infinity":0,"s:16:30:16:Infinity":1,"s:18:23:18:44":2,"f:20:9:20:25":0,"b:20:67:20:81":0,"s:21:14:21:Infinity":3,"s:22:2:25:Infinity":4,"s:22:15:22:16":5,"s:23:16:23:Infinity":6,"s:24:4:24:Infinity":7,"s:26:2:26:Infinity":8,"f:29:16:29:32":1,"b:29:57:29:58":1,"s:30:19:30:Infinity":9,"b:31:2:31:Infinity:undefined:undefined:undefined:undefined":2,"s:31:2:31:Infinity":10,"b:31:6:31:15:31:19:31:32":3,"s:31:34:31:Infinity":11,"s:32:20:32:Infinity":12,"s:34:19:34:Infinity":13,"s:35:2:35:Infinity":14,"f:38:16:38:31":2,"b:38:56:38:57":4,"s:39:19:39:Infinity":15,"b:40:2:40:Infinity:undefined:undefined:undefined:undefined":5,"s:40:2:40:Infinity":16,"b:40:6:40:15:40:19:40:32":6,"s:40:34:40:Infinity":17,"s:41:20:41:Infinity":18,"s:43:19:43:Infinity":19,"s:44:2:44:Infinity":20,"f:47:16:47:37":3,"b:47:62:47:63":7,"b:48:2:48:Infinity:undefined:undefined:undefined:undefined":8,"s:48:2:48:Infinity":21,"b:48:6:48:16:48:20:48:33":9,"s:48:35:48:Infinity":22,"s:50:14:50:Infinity":23,"s:51:2:55:Infinity":24,"s:51:15:51:16":25,"b:52:4:52:Infinity:undefined:undefined:undefined:undefined":10,"s:52:4:52:Infinity":26,"s:52:24:52:Infinity":27,"s:53:21:53:Infinity":28,"s:54:4:54:Infinity":29,"s:56:2:56:Infinity":30,"f:59:16:59:36":4,"b:59:61:59:62":11,"b:60:2:60:Infinity:undefined:undefined:undefined:undefined":12,"s:60:2:60:Infinity":31,"b:60:6:60:16:60:20:60:33":13,"s:60:35:60:Infinity":32,"s:62:14:62:Infinity":33,"s:63:2:67:Infinity":34,"s:63:15:63:16":35,"b:64:4:64:Infinity:undefined:undefined:undefined:undefined":14,"s:64:4:64:Infinity":36,"s:64:24:64:Infinity":37,"s:65:21:65:Infinity":38,"s:66:4:66:Infinity":39,"s:68:2:68:Infinity":40,"f:73:16:73:40":5,"b:74:2:74:Infinity:undefined:undefined:undefined:undefined":15,"s:74:2:74:Infinity":41,"s:74:17:74:Infinity":42,"b:75:2:75:Infinity:undefined:undefined:undefined:undefined":16,"s:75:2:75:Infinity":43,"s:75:18:75:Infinity":44,"b:76:2:76:Infinity:undefined:undefined:undefined:undefined":17,"s:76:2:76:Infinity":45,"s:76:18:76:Infinity":46,"s:77:2:77:Infinity":47}}}
,"C:\\Users\\HOME\\Documents\\Python\\clicksurvivor\\seoulsurvival\\src\\i18n\\index.js": {"path":"C:\\Users\\HOME\\Documents\\Python\\clicksurvivor\\seoulsurvival\\src\\i18n\\index.js","statementMap":{"0":{"start":{"line":1,"column":27},"end":{"line":1,"column":null}},"1":{"start":{"line":4,"column":19},"end":{"line":4,"column":null}},"2":{"start":{"line":7,"column":21},"end":{"line":7,"column":null}},"3":{"start":{"line":8,"column":26},"end":{"line":8,"column":null}},"4":{"start":{"line":11,"column":2},"end":{"line":11,"column":null}},"5":{"start":{"line":11,"column":26},"end":{"line":11,"column":null}},"6":{"start":{"line":13,"column":2},"end":{"line":17,"column":null}},"7":{"start":{"line":14,"column":4},"end":{"line":14,"column":null}},"8":{"start":{"line":15,"column":9},"end":{"line":17,"column":null}},"9":{"start":{"line":16,"column":4},"end":{"line":16,"column":null}},"10":{"start":{"line":19,"column":2},"end":{"line":19,"column":null}},"11":{"start":{"line":22,"column":31},"end":{"line":22,"column":null}},"12":{"start":{"line":25,"column":12},"end":{"line":25,"column":null}},"13":{"start":{"line":26,"column":2},"end":{"line":26,"column":null}},"14":{"start":{"line":30,"column":12},"end":{"line":30,"column":null}},"15":{"start":{"line":31,"column":2},"end":{"line":31,"column":null}},"16":{"start":{"line":35,"column":18},"end":{"line":35,"column":null}},"17":{"start":{"line":36,"column":2},"end":{"line":36,"column":null}},"18":{"start":{"line":36,"column":15},"end":{"line":36,"column":null}},"19":{"start":{"line":37,"column":16},"end":{"line":37,"column":null}},"20":{"start":{"line":38,"column":2},"end":{"line":38,"column":null}},"21":{"start":{"line":38,"column":13},"end":{"line":38,"column":null}},"22":{"start":{"line":39,"column":14},"end":{"line":39,"column":null}},"23":{"start":{"line":40,"column":2},"end":{"line":40,"column":null}},"24":{"start":{"line":40,"column":28},"end":{"line":40,"column":null}},"25":{"start":{"line":41,"column":2},"end":{"line":41,"column":null}},"26":{"start":{"line":44,"column":18},"end":{"line":44,"column":null}},"27":{"start":{"line":47,"column":21},"end":{"line":47,"column":null}},"28":{"start":{"line":50,"column":16},"end":{"line":50,"column":null}},"29":{"start":{"line":51,"column":13},"end":{"line":51,"column":null}},"30":{"start":{"line":53,"column":2},"end":{"line":65,"column":null}},"31":{"start":{"line":55,"column":4},"end":{"line":58,"column":null}},"32":{"start":{"line":56,"column":6},"end":{"line":56,"column":null}},"33":{"start":{"line":57,"column":6},"end":{"line":57,"column":null}},"34":{"start":{"line":60,"column":4},"end":{"line":62,"column":null}},"35":{"start":{"line":61,"column":6},"end":{"line":61,"column":null}},"36":{"start":{"line":64,"column":4},"end":{"line":64,"column":null}},"37":{"start":{"line":68,"column":2},"end":{"line":73,"column":null}},"38":{"start":{"line":69,"column":4},"end":{"line":72,"column":null}},"39":{"start":{"line":70,"column":20},"end":{"line":70,"column":null}},"40":{"start":{"line":71,"column":6},"end":{"line":71,"column":null}},"41":{"start":{"line":75,"column":2},"end":{"line":75,"column":null}},"42":{"start":{"line":80,"column":19},"end":{"line":80,"column":null}},"43":{"start":{"line":81,"column":2},"end":{"line":81,"column":null}},"44":{"start":{"line":81,"column":30},"end":{"line":81,"column":null}},"45":{"start":{"line":82,"column":2},"end":{"line":82,"column":null}},"46":{"start":{"line":86,"column":19},"end":{"line":86,"column":null}},"47":{"start":{"line":87,"column":2},"end":{"line":87,"column":null}},"48":{"start":{"line":88,"column":2},"end":{"line":88,"column":null}},"49":{"start":{"line":89,"column":2},"end":{"line":89,"column":null}},"50":{"start":{"line":92,"column":12},"end":{"line":92,"column":null}},"51":{"start":{"line":93,"column":2},"end":{"line":93,"column":null}},"52":{"start":{"line":94,"column":2},"end":{"line":94,"column":null}},"53":{"start":{"line":97,"column":21},"end":{"line":97,"column":null}},"54":{"start":{"line":98,"column":2},"end":{"line":100,"column":null}},"55":{"start":{"line":99,"column":4},"end":{"line":99,"column":null}},"56":{"start":{"line":103,"column":2},"end":{"line":103,"column":null}},"57":{"start":{"line":105,"column":2},"end":{"line":105,"column":null}},"58":{"start":{"line":109,"column":2},"end":{"line":109,"column":null}},"59":{"start":{"line":113,"column":16},"end":{"line":113,"column":null}},"60":{"start":{"line":115,"column":2},"end":{"line":122,"column":null}},"61":{"start":{"line":116,"column":16},"end":{"line":116,"column":null}},"62":{"start":{"line":117,"column":4},"end":{"line":117,"column":null}},"63":{"start":{"line":117,"column":14},"end":{"line":117,"column":null}},"64":{"start":{"line":118,"column":14},"end":{"line":118,"column":null}},"65":{"start":{"line":119,"column":4},"end":{"line":121,"column":null}},"66":{"start":{"line":120,"column":6},"end":{"line":120,"column":null}},"67":{"start":{"line":124,"column":2},"end":{"line":131,"column":null}},"68":{"start":{"line":125,"column":16},"end":{"line":125,"column":null}},"69":{"start":{"line":126,"column":4},"end":{"line":126,"column":null}},"70":{"start":{"line":126,"column":14},"end":{"line":126,"column":null}},"71":{"start":{"line":127,"column":14},"end":{"line":127,"column":null}},"72":{"start":{"line":128,"column":4},"end":{"line":130,"column":null}},"73":{"start":{"line":129,"column":6},"end":{"line":129,"column":null}},"74":{"start":{"line":133,"column":2},"end":{"line":140,"column":null}},"75":{"start":{"line":134,"column":16},"end":{"line":134,"column":null}},"76":{"start":{"line":135,"column":4},"end":{"line":135,"column":null}},"77":{"start":{"line":135,"column":14},"end":{"line":135,"column":null}},"78":{"start":{"line":136,"column":14},"end":{"line":136,"column":null}},"79":{"start":{"line":137,"column":4},"end":{"line":139,"column":null}},"80":{"start":{"line":138,"column":6},"end":{"line":138,"column":null}},"81":{"start":{"line":143,"column":2},"end":{"line":150,"column":null}},"82":{"start":{"line":144,"column":16},"end":{"line":144,"column":null}},"83":{"start":{"line":145,"column":4},"end":{"line":145,"column":null}},"84":{"start":{"line":145,"column":14},"end":{"line":145,"column":null}},"85":{"start":{"line":146,"column":14},"end":{"line":146,"column":null}},"86":{"start":{"line":147,"column":4},"end":{"line":149,"column":null}},"87":{"start":{"line":148,"column":6},"end":{"line":148,"column":null}},"88":{"start":{"line":153,"column":21},"end":{"line":153,"column":null}},"89":{"start":{"line":154,"column":2},"end":{"line":156,"column":null}},"90":{"start":{"line":155,"column":4},"end":{"line":155,"column":null}},"91":{"start":{"line":160,"column":0},"end":{"line":160,"column":null}}},"fnMap":{"0":{"name":"loadTranslation","decl":{"start":{"line":10,"column":15},"end":{"line":10,"column":30}},"loc":{"start":{"line":10,"column":37},"end":{"line":20,"column":null}},"line":10},"1":{"name":"resolveLang","decl":{"start":{"line":24,"column":16},"end":{"line":24,"column":27}},"loc":{"start":{"line":24,"column":35},"end":{"line":27,"column":null}},"line":24},"2":{"name":"getLangFromUrl","decl":{"start":{"line":29,"column":16},"end":{"line":29,"column":30}},"loc":{"start":{"line":29,"column":33},"end":{"line":32,"column":null}},"line":29},"3":{"name":"getInitialLang","decl":{"start":{"line":34,"column":16},"end":{"line":34,"column":30}},"loc":{"start":{"line":34,"column":33},"end":{"line":42,"column":null}},"line":34},"4":{"name":"t","decl":{"start":{"line":49,"column":16},"end":{"line":49,"column":17}},"loc":{"start":{"line":49,"column":53},"end":{"line":76,"column":null}},"line":49},"5":{"name":"(anonymous_5)","decl":{"start":{"line":69,"column":32},"end":{"line":69,"column":40}},"loc":{"start":{"line":69,"column":44},"end":{"line":72,"column":5}},"line":69},"6":{"name":"ensureTranslationLoaded","decl":{"start":{"line":79,"column":22},"end":{"line":79,"column":45}},"loc":{"start":{"line":79,"column":52},"end":{"line":83,"column":null}},"line":79},"7":{"name":"setLang","decl":{"start":{"line":85,"column":16},"end":{"line":85,"column":23}},"loc":{"start":{"line":85,"column":30},"end":{"line":106,"column":null}},"line":85},"8":{"name":"getLang","decl":{"start":{"line":108,"column":16},"end":{"line":108,"column":23}},"loc":{"start":{"line":108,"column":26},"end":{"line":110,"column":null}},"line":108},"9":{"name":"applyI18nToDOM","decl":{"start":{"line":112,"column":16},"end":{"line":112,"column":30}},"loc":{"start":{"line":112,"column":33},"end":{"line":157,"column":null}},"line":112},"10":{"name":"(anonymous_10)","decl":{"start":{"line":115,"column":51},"end":{"line":115,"column":53}},"loc":{"start":{"line":115,"column":57},"end":{"line":122,"column":3}},"line":115},"11":{"name":"(anonymous_11)","decl":{"start":{"line":124,"column":55},"end":{"line":124,"column":57}},"loc":{"start":{"line":124,"column":61},"end":{"line":131,"column":3}},"line":124},"12":{"name":"(anonymous_12)","decl":{"start":{"line":133,"column":62},"end":{"line":133,"column":64}},"loc":{"start":{"line":133,"column":68},"end":{"line":140,"column":3}},"line":133},"13":{"name":"(anonymous_13)","decl":{"start":{"line":143,"column":80},"end":{"line":143,"column":86}},"loc":{"start":{"line":143,"column":90},"end":{"line":150,"column":3}},"line":143}},"branchMap":{"0":{"loc":{"start":{"line":11,"column":2},"end":{"line":11,"column":null}},"type":"if","locations":[{"start":{"line":11,"column":2},"end":{"line":11,"column":null}},{"start":{},"end":{}}],"line":11},"1":{"loc":{"start":{"line":13,"column":2},"end":{"line":17,"column":null}},"type":"if","locations":[{"start":{"line":13,"column":2},"end":{"line":17,"column":null}},{"start":{"line":15,"column":9},"end":{"line":17,"column":null}}],"line":13},"2":{"loc":{"start":{"line":15,"column":9},"end":{"line":17,"column":null}},"type":"if","locations":[{"start":{"line":15,"column":9},"end":{"line":17,"column":null}},{"start":{},"end":{}}],"line":15},"3":{"loc":{"start":{"line":25,"column":19},"end":{"line":25,"column":30}},"type":"binary-expr","locations":[{"start":{"line":25,"column":19},"end":{"line":25,"column":24}},{"start":{"line":25,"column":28},"end":{"line":25,"column":30}}],"line":25},"4":{"loc":{"start":{"line":26,"column":9},"end":{"line":26,"column":null}},"type":"cond-expr","locations":[{"start":{"line":26,"column":39},"end":{"line":26,"column":40}},{"start":{"line":26,"column":43},"end":{"line":26,"column":null}}],"line":26},"5":{"loc":{"start":{"line":36,"column":2},"end":{"line":36,"column":null}},"type":"if","locations":[{"start":{"line":36,"column":2},"end":{"line":36,"column":null}},{"start":{},"end":{}}],"line":36},"6":{"loc":{"start":{"line":38,"column":2},"end":{"line":38,"column":null}},"type":"if","locations":[{"start":{"line":38,"column":2},"end":{"line":38,"column":null}},{"start":{},"end":{}}],"line":38},"7":{"loc":{"start":{"line":39,"column":21},"end":{"line":39,"column":45}},"type":"binary-expr","locations":[{"start":{"line":39,"column":21},"end":{"line":39,"column":39}},{"start":{"line":39,"column":43},"end":{"line":39,"column":45}}],"line":39},"8":{"loc":{"start":{"line":40,"column":2},"end":{"line":40,"column":null}},"type":"if","locations":[{"start":{"line":40,"column":2},"end":{"line":40,"column":null}},{"start":{},"end":{}}],"line":40},"9":{"loc":{"start":{"line":49,"column":23},"end":{"line":49,"column":34}},"type":"default-arg","locations":[{"start":{"line":49,"column":32},"end":{"line":49,"column":34}}],"line":49},"10":{"loc":{"start":{"line":49,"column":36},"end":{"line":49,"column":51}},"type":"default-arg","locations":[{"start":{"line":49,"column":47},"end":{"line":49,"column":51}}],"line":49},"11":{"loc":{"start":{"line":50,"column":16},"end":{"line":50,"column":null}},"type":"binary-expr","locations":[{"start":{"line":50,"column":16},"end":{"line":50,"column":41}},{"start":{"line":50,"column":45},"end":{"line":50,"column":null}}],"line":50},"12":{"loc":{"start":{"line":53,"column":2},"end":{"line":65,"column":null}},"type":"if","locations":[{"start":{"line":53,"column":2},"end":{"line":65,"column":null}},{"start":{},"end":{}}],"line":53},"13":{"loc":{"start":{"line":55,"column":4},"end":{"line":58,"column":null}},"type":"if","locations":[{"start":{"line":55,"column":4},"end":{"line":58,"column":null}},{"start":{},"end":{}}],"line":55},"14":{"loc":{"start":{"line":55,"column":8},"end":{"line":55,"column":44}},"type":"binary-expr","locations":[{"start":{"line":55,"column":8},"end":{"line":55,"column":18}},{"start":{"line":55,"column":22},"end":{"line":55,"column":44}}],"line":55},"15":{"loc":{"start":{"line":60,"column":4},"end":{"line":62,"column":null}},"type":"if","locations":[{"start":{"line":60,"column":4},"end":{"line":62,"column":null}},{"start":{},"end":{}}],"line":60},"16":{"loc":{"start":{"line":64,"column":11},"end":{"line":64,"column":null}},"type":"cond-expr","locations":[{"start":{"line":64,"column":24},"end":{"line":64,"column":27}},{"start":{"line":64,"column":30},"end":{"line":64,"column":null}}],"line":64},"17":{"loc":{"start":{"line":64,"column":30},"end":{"line":64,"column":null}},"type":"cond-expr","locations":[{"start":{"line":64,"column":59},"end":{"line":64,"column":73}},{"start":{"line":64,"column":76},"end":{"line":64,"column":null}}],"line":64},"18":{"loc":{"start":{"line":68,"column":2},"end":{"line":73,"column":null}},"type":"if","locations":[{"start":{"line":68,"column":2},"end":{"line":73,"column":null}},{"start":{},"end":{}}],"line":68},"19":{"loc":{"start":{"line":68,"column":6},"end":{"line":68,"column":42}},"type":"binary-expr","locations":[{"start":{"line":68,"column":6},"end":{"line":68,"column":12}},{"start":{"line":68,"column":16},"end":{"line":68,"column":42}}],"line":68},"20":{"loc":{"start":{"line":80,"column":19},"end":{"line":80,"column":null}},"type":"binary-expr","locations":[{"start":{"line":80,"column":19},"end":{"line":80,"column":36}},{"start":{"line":80,"column":40},"end":{"line":80,"column":null}}],"line":80},"21":{"loc":{"start":{"line":81,"column":2},"end":{"line":81,"column":null}},"type":"if","locations":[{"start":{"line":81,"column":2},"end":{"line":81,"column":null}},{"start":{},"end":{}}],"line":81},"22":{"loc":{"start":{"line":86,"column":19},"end":{"line":86,"column":null}},"type":"binary-expr","locations":[{"start":{"line":86,"column":19},"end":{"line":86,"column":36}},{"start":{"line":86,"column":40},"end":{"line":86,"column":null}}],"line":86},"23":{"loc":{"start":{"line":98,"column":2},"end":{"line":100,"column":null}},"type":"if","locations":[{"start":{"line":98,"column":2},"end":{"line":100,"column":null}},{"start":{},"end":{}}],"line":98},"24":{"loc":{"start":{"line":113,"column":16},"end":{"line":113,"column":null}},"type":"binary-expr","locations":[{"start":{"line":113,"column":16},"end":{"line":113,"column":41}},{"start":{"line":113,"column":45},"end":{"line":113,"column":null}}],"line":113},"25":{"loc":{"start":{"line":117,"column":4},"end":{"line":117,"column":null}},"type":"if","locations":[{"start":{"line":117,"column":4},"end":{"line":117,"column":null}},{"start":{},"end":{}}],"line":117},"26":{"loc":{"start":{"line":119,"column":4},"end":{"line":121,"column":null}},"type":"if","locations":[{"start":{"line":119,"column":4},"end":{"line":121,"column":null}},{"start":{},"end":{}}],"line":119},"27":{"loc":{"start":{"line":126,"column":4},"end":{"line":126,"column":null}},"type":"if","locations":[{"start":{"line":126,"column":4},"end":{"line":126,"column":null}},{"start":{},"end":{}}],"line":126},"28":{"loc":{"start":{"line":128,"column":4},"end":{"line":130,"column":null}},"type":"if","locations":[{"start":{"line":128,"column":4},"end":{"line":130,"column":null}},{"start":{},"end":{}}],"line":128},"29":{"loc":{"start":{"line":135,"column":4},"end":{"line":135,"column":null}},"type":"if","locations":[{"start":{"line":135,"column":4},"end":{"line":135,"column":null}},{"start":{},"end":{}}],"line":135},"30":{"loc":{"start":{"line":137,"column":4},"end":{"line":139,"column":null}},"type":"if","locations":[{"start":{"line":137,"column":4},"end":{"line":139,"column":null}},{"start":{},"end":{}}],"line":137},"31":{"loc":{"start":{"line":145,"column":4},"end":{"line":145,"column":null}},"type":"if","locations":[{"start":{"line":145,"column":4},"end":{"line":145,"column":null}},{"start":{},"end":{}}],"line":145},"32":{"loc":{"start":{"line":147,"column":4},"end":{"line":149,"column":null}},"type":"if","locations":[{"start":{"line":147,"column":4},"end":{"line":149,"column":null}},{"start":{},"end":{}}],"line":147},"33":{"loc":{"start":{"line":154,"column":2},"end":{"line":156,"column":null}},"type":"if","locations":[{"start":{"line":154,"column":2},"end":{"line":156,"column":null}},{"start":{},"end":{}}],"line":154}},"s":{"0":0,"1":0,"2":0,"3":0,"4":0,"5":0,"6":0,"7":0,"8":0,"9":0,"10":0,"11":0,"12":0,"13":0,"14":0,"15":0,"16":0,"17":0,"18":0,"19":0,"20":0,"21":0,"22":0,"23":0,"24":0,"25":0,"26":0,"27":0,"28":0,"29":0,"30":0,"31":0,"32":0,"33":0,"34":0,"35":0,"36":0,"37":0,"38":0,"39":0,"40":0,"41":0,"42":0,"43":0,"44":0,"45":0,"46":0,"47":0,"48":0,"49":0,"50":0,"51":0,"52":0,"53":0,"54":0,"55":0,"56":0,"57":0,"58":0,"59":0,"60":0,"61":0,"62":0,"63":0,"64":0,"65":0,"66":0,"67":0,"68":0,"69":0,"70":0,"71":0,"72":0,"73":0,"74":0,"75":0,"76":0,"77":0,"78":0,"79":0,"80":0,"81":0,"82":0,"83":0,"84":0,"85":0,"86":0,"87":0,"88":0,"89":0,"90":0,"91":0},"f":{"0":0,"1":0,"2":0,"3":0,"4":0,"5":0,"6":0,"7":0,"8":0,"9":0,"10":0,"11":0,"12":0,"13":0},"b":{"0":[0,0],"1":[0,0],"2":[0,0],"3":[0,0],"4":[0,0],"5":[0,0],"6":[0,0],"7":[0,0],"8":[0,0],"9":[0],"10":[0],"11":[0,0],"12":[0,0],"13":[0,0],"14":[0,0],"15":[0,0],"16":[0,0],"17":[0,0],"18":[0,0],"19":[0,0],"20":[0,0],"21":[0,0],"22":[0,0],"23":[0,0],"24":[0,0],"25":[0,0],"26":[0,0],"27":[0,0],"28":[0,0],"29":[0,0],"30":[0,0],"31":[0,0],"32":[0,0],"33":[0,0]},"meta":{"lastBranch":34,"lastFunction":14,"lastStatement":92,"seen":{"s:1:27:1:Infinity":0,"s:4:19:4:Infinity":1,"s:7:21:7:Infinity":2,"s:8:26:8:Infinity":3,"f:10:15:10:30":0,"b:11:2:11:Infinity:undefined:undefined:undefined:undefined":0,"s:11:2:11:Infinity":4,"s:11:26:11:Infinity":5,"b:13:2:17:Infinity:15:9:17:Infinity":1,"s:13:2:17:Infinity":6,"s:14:4:14:Infinity":7,"b:15:9:17:Infinity:undefined:undefined:undefined:undefined":2,"s:15:9:17:Infinity":8,"s:16:4:16:Infinity":9,"s:19:2:19:Infinity":10,"s:22:31:22:Infinity":11,"f:24:16:24:27":1,"s:25:12:25:Infinity":12,"b:25:19:25:24:25:28:25:30":3,"s:26:2:26:Infinity":13,"b:26:39:26:40:26:43:26:Infinity":4,"f:29:16:29:30":2,"s:30:12:30:Infinity":14,"s:31:2:31:Infinity":15,"f:34:16:34:30":3,"s:35:18:35:Infinity":16,"b:36:2:36:Infinity:undefined:undefined:undefined:undefined":5,"s:36:2:36:Infinity":17,"s:36:15:36:Infinity":18,"s:37:16:37:Infinity":19,"b:38:2:38:Infinity:undefined:undefined:undefined:undefined":6,"s:38:2:38:Infinity":20,"s:38:13:38:Infinity":21,"s:39:14:39:Infinity":22,"b:39:21:39:39:39:43:39:45":7,"b:40:2:40:Infinity:undefined:undefined:undefined:undefined":8,"s:40:2:40:Infinity":23,"s:40:28:40:Infinity":24,"s:41:2:41:Infinity":25,"s:44:18:44:Infinity":26,"s:47:21:47:Infinity":27,"f:49:16:49:17":4,"b:49:32:49:34":9,"b:49:47:49:51":10,"s:50:16:50:Infinity":28,"b:50:16:50:41:50:45:50:Infinity":11,"s:51:13:51:Infinity":29,"b:53:2:65:Infinity:undefined:undefined:undefined:undefined":12,"s:53:2:65:Infinity":30,"b:55:4:58:Infinity:undefined:undefined:undefined:undefined":13,"s:55:4:58:Infinity":31,"b:55:8:55:18:55:22:55:44":14,"s:56:6:56:Infinity":32,"s:57:6:57:Infinity":33,"b:60:4:62:Infinity:undefined:undefined:undefined:undefined":15,"s:60:4:62:Infinity":34,"s:61:6:61:Infinity":35,"s:64:4:64:Infinity":36,"b:64:24:64:27:64:30:64:Infinity":16,"b:64:59:64:73:64:76:64:Infinity":17,"b:68:2:73:Infinity:undefined:undefined:undefined:undefined":18,"s:68:2:73:Infinity":37,"b:68:6:68:12:68:16:68:42":19,"s:69:4:72:Infinity":38,"f:69:32:69:40":5,"s:70:20:70:Infinity":39,"s:71:6:71:Infinity":40,"s:75:2:75:Infinity":41,"f:79:22:79:45":6,"s:80:19:80:Infinity":42,"b:80:19:80:36:80:40:80:Infinity":20,"b:81:2:81:Infinity:undefined:undefined:undefined:undefined":21,"s:81:2:81:Infinity":43,"s:81:30:81:Infinity":44,"s:82:2:82:Infinity":45,"f:85:16:85:23":7,"s:86:19:86:Infinity":46,"b:86:19:86:36:86:40:86:Infinity":22,"s:87:2:87:Infinity":47,"s:88:2:88:Infinity":48,"s:89:2:89:Infinity":49,"s:92:12:92:Infinity":50,"s:93:2:93:Infinity":51,"s:94:2:94:Infinity":52,"s:97:21:97:Infinity":53,"b:98:2:100:Infinity:undefined:undefined:undefined:undefined":23,"s:98:2:100:Infinity":54,"s:99:4:99:Infinity":55,"s:103:2:103:Infinity":56,"s:105:2:105:Infinity":57,"f:108:16:108:23":8,"s:109:2:109:Infinity":58,"f:112:16:112:30":9,"s:113:16:113:Infinity":59,"b:113:16:113:41:113:45:113:Infinity":24,"s:115:2:122:Infinity":60,"f:115:51:115:53":10,"s:116:16:116:Infinity":61,"b:117:4:117:Infinity:undefined:undefined:undefined:undefined":25,"s:117:4:117:Infinity":62,"s:117:14:117:Infinity":63,"s:118:14:118:Infinity":64,"b:119:4:121:Infinity:undefined:undefined:undefined:undefined":26,"s:119:4:121:Infinity":65,"s:120:6:120:Infinity":66,"s:124:2:131:Infinity":67,"f:124:55:124:57":11,"s:125:16:125:Infinity":68,"b:126:4:126:Infinity:undefined:undefined:undefined:undefined":27,"s:126:4:126:Infinity":69,"s:126:14:126:Infinity":70,"s:127:14:127:Infinity":71,"b:128:4:130:Infinity:undefined:undefined:undefined:undefined":28,"s:128:4:130:Infinity":72,"s:129:6:129:Infinity":73,"s:133:2:140:Infinity":74,"f:133:62:133:64":12,"s:134:16:134:Infinity":75,"b:135:4:135:Infinity:undefined:undefined:undefined:undefined":29,"s:135:4:135:Infinity":76,"s:135:14:135:Infinity":77,"s:136:14:136:Infinity":78,"b:137:4:139:Infinity:undefined:undefined:undefined:undefined":30,"s:137:4:139:Infinity":79,"s:138:6:138:Infinity":80,"s:143:2:150:Infinity":81,"f:143:80:143:86":13,"s:144:16:144:Infinity":82,"b:145:4:145:Infinity:undefined:undefined:undefined:undefined":31,"s:145:4:145:Infinity":83,"s:145:14:145:Infinity":84,"s:146:14:146:Infinity":85,"b:147:4:149:Infinity:undefined:undefined:undefined:undefined":32,"s:147:4:149:Infinity":86,"s:148:6:148:Infinity":87,"s:153:21:153:Infinity":88,"b:154:2:156:Infinity:undefined:undefined:undefined:undefined":33,"s:154:2:156:Infinity":89,"s:155:4:155:Infinity":90,"s:160:0:160:Infinity":91}}}
,"C:\\Users\\HOME\\Documents\\Python\\clicksurvivor\\seoulsurvival\\src\\i18n\\translations\\en.js": {"path":"C:\\Users\\HOME\\Documents\\Python\\clicksurvivor\\seoulsurvival\\src\\i18n\\translations\\en.js","statementMap":{},"fnMap":{},"branchMap":{},"s":{},"f":{},"b":{},"meta":{"lastBranch":0,"lastFunction":0,"lastStatement":0,"seen":{}}}
,"C:\\Users\\HOME\\Documents\\Python\\clicksurvivor\\seoulsurvival\\src\\i18n\\translations\\ko.js": {"path":"C:\\Users\\HOME\\Documents\\Python\\clicksurvivor\\seoulsurvival\\src\\i18n\\translations\\ko.js","statementMap":{},"fnMap":{},"branchMap":{},"s":{},"f":{},"b":{},"meta":{"lastBranch":0,"lastFunction":0,"lastStatement":0,"seen":{}}}
,"C:\\Users\\HOME\\Documents\\Python\\clicksurvivor\\seoulsurvival\\src\\monitoring\\sentry.js": {"path":"C:\\Users\\HOME\\Documents\\Python\\clicksurvivor\\seoulsurvival\\src\\monitoring\\sentry.js","statementMap":{"0":{"start":{"line":9,"column":14},"end":{"line":9,"column":null}},"1":{"start":{"line":11,"column":2},"end":{"line":14,"column":null}},"2":{"start":{"line":12,"column":4},"end":{"line":12,"column":null}},"3":{"start":{"line":13,"column":4},"end":{"line":13,"column":null}},"4":{"start":{"line":16,"column":2},"end":{"line":49,"column":null}},"5":{"start":{"line":37,"column":6},"end":{"line":39,"column":null}},"6":{"start":{"line":38,"column":8},"end":{"line":38,"column":null}},"7":{"start":{"line":42,"column":6},"end":{"line":45,"column":null}},"8":{"start":{"line":43,"column":8},"end":{"line":43,"column":null}},"9":{"start":{"line":44,"column":8},"end":{"line":44,"column":19}},"10":{"start":{"line":47,"column":6},"end":{"line":47,"column":null}},"11":{"start":{"line":52,"column":19},"end":{"line":52,"column":null}},"12":{"start":{"line":53,"column":2},"end":{"line":55,"column":null}},"13":{"start":{"line":54,"column":4},"end":{"line":54,"column":null}},"14":{"start":{"line":57,"column":2},"end":{"line":57,"column":null}},"15":{"start":{"line":66,"column":2},"end":{"line":72,"column":null}},"16":{"start":{"line":67,"column":4},"end":{"line":71,"column":null}},"17":{"start":{"line":74,"column":2},"end":{"line":74,"column":null}},"18":{"start":{"line":82,"column":2},"end":{"line":84,"column":null}},"19":{"start":{"line":83,"column":4},"end":{"line":83,"column":null}}},"fnMap":{"0":{"name":"initSentry","decl":{"start":{"line":8,"column":16},"end":{"line":8,"column":26}},"loc":{"start":{"line":8,"column":29},"end":{"line":58,"column":null}},"line":8},"1":{"name":"(anonymous_1)","decl":{"start":{"line":35,"column":4},"end":{"line":35,"column":14}},"loc":{"start":{"line":35,"column":28},"end":{"line":48,"column":5}},"line":35},"2":{"name":"captureError","decl":{"start":{"line":65,"column":16},"end":{"line":65,"column":28}},"loc":{"start":{"line":65,"column":50},"end":{"line":75,"column":null}},"line":65},"3":{"name":"setUserContext","decl":{"start":{"line":81,"column":16},"end":{"line":81,"column":30}},"loc":{"start":{"line":81,"column":41},"end":{"line":85,"column":null}},"line":81}},"branchMap":{"0":{"loc":{"start":{"line":11,"column":2},"end":{"line":14,"column":null}},"type":"if","locations":[{"start":{"line":11,"column":2},"end":{"line":14,"column":null}},{"start":{},"end":{}}],"line":11},"1":{"loc":{"start":{"line":19,"column":31},"end":{"line":19,"column":74}},"type":"binary-expr","locations":[{"start":{"line":19,"column":31},"end":{"line":19,"column":63}},{"start":{"line":19,"column":67},"end":{"line":19,"column":74}}],"line":19},"2":{"loc":{"start":{"line":37,"column":6},"end":{"line":39,"column":null}},"type":"if","locations":[{"start":{"line":37,"column":6},"end":{"line":39,"column":null}},{"start":{},"end":{}}],"line":37},"3":{"loc":{"start":{"line":42,"column":6},"end":{"line":45,"column":null}},"type":"if","locations":[{"start":{"line":42,"column":6},"end":{"line":45,"column":null}},{"start":{},"end":{}}],"line":42},"4":{"loc":{"start":{"line":53,"column":2},"end":{"line":55,"column":null}},"type":"if","locations":[{"start":{"line":53,"column":2},"end":{"line":55,"column":null}},{"start":{},"end":{}}],"line":53},"5":{"loc":{"start":{"line":65,"column":36},"end":{"line":65,"column":48}},"type":"default-arg","locations":[{"start":{"line":65,"column":46},"end":{"line":65,"column":48}}],"line":65},"6":{"loc":{"start":{"line":66,"column":2},"end":{"line":72,"column":null}},"type":"if","locations":[{"start":{"line":66,"column":2},"end":{"line":72,"column":null}},{"start":{},"end":{}}],"line":66},"7":{"loc":{"start":{"line":68,"column":12},"end":{"line":68,"column":30}},"type":"binary-expr","locations":[{"start":{"line":68,"column":12},"end":{"line":68,"column":24}},{"start":{"line":68,"column":28},"end":{"line":68,"column":30}}],"line":68},"8":{"loc":{"start":{"line":69,"column":13},"end":{"line":69,"column":37}},"type":"binary-expr","locations":[{"start":{"line":69,"column":13},"end":{"line":69,"column":26}},{"start":{"line":69,"column":30},"end":{"line":69,"column":37}}],"line":69},"9":{"loc":{"start":{"line":70,"column":13},"end":{"line":70,"column":32}},"type":"binary-expr","locations":[{"start":{"line":70,"column":13},"end":{"line":70,"column":26}},{"start":{"line":70,"column":30},"end":{"line":70,"column":32}}],"line":70},"10":{"loc":{"start":{"line":82,"column":2},"end":{"line":84,"column":null}},"type":"if","locations":[{"start":{"line":82,"column":2},"end":{"line":84,"column":null}},{"start":{},"end":{}}],"line":82},"11":{"loc":{"start":{"line":82,"column":6},"end":{"line":82,"column":38}},"type":"binary-expr","locations":[{"start":{"line":82,"column":6},"end":{"line":82,"column":26}},{"start":{"line":82,"column":30},"end":{"line":82,"column":38}}],"line":82}},"s":{"0":0,"1":0,"2":0,"3":0,"4":0,"5":0,"6":0,"7":0,"8":0,"9":0,"10":0,"11":0,"12":0,"13":0,"14":0,"15":0,"16":0,"17":0,"18":0,"19":0},"f":{"0":0,"1":0,"2":0,"3":0},"b":{"0":[0,0],"1":[0,0],"2":[0,0],"3":[0,0],"4":[0,0],"5":[0],"6":[0,0],"7":[0,0],"8":[0,0],"9":[0,0],"10":[0,0],"11":[0,0]},"meta":{"lastBranch":12,"lastFunction":4,"lastStatement":20,"seen":{"f:8:16:8:26":0,"s:9:14:9:Infinity":0,"b:11:2:14:Infinity:undefined:undefined:undefined:undefined":0,"s:11:2:14:Infinity":1,"s:12:4:12:Infinity":2,"s:13:4:13:Infinity":3,"s:16:2:49:Infinity":4,"b:19:31:19:63:19:67:19:74":1,"f:35:4:35:14":1,"b:37:6:39:Infinity:undefined:undefined:undefined:undefined":2,"s:37:6:39:Infinity":5,"s:38:8:38:Infinity":6,"b:42:6:45:Infinity:undefined:undefined:undefined:undefined":3,"s:42:6:45:Infinity":7,"s:43:8:43:Infinity":8,"s:44:8:44:19":9,"s:47:6:47:Infinity":10,"s:52:19:52:Infinity":11,"b:53:2:55:Infinity:undefined:undefined:undefined:undefined":4,"s:53:2:55:Infinity":12,"s:54:4:54:Infinity":13,"s:57:2:57:Infinity":14,"f:65:16:65:28":2,"b:65:46:65:48":5,"b:66:2:72:Infinity:undefined:undefined:undefined:undefined":6,"s:66:2:72:Infinity":15,"s:67:4:71:Infinity":16,"b:68:12:68:24:68:28:68:30":7,"b:69:13:69:26:69:30:69:37":8,"b:70:13:70:26:70:30:70:32":9,"s:74:2:74:Infinity":17,"f:81:16:81:30":3,"b:82:2:84:Infinity:undefined:undefined:undefined:undefined":10,"s:82:2:84:Infinity":18,"b:82:6:82:26:82:30:82:38":11,"s:83:4:83:Infinity":19}}}
,"C:\\Users\\HOME\\Documents\\Python\\clicksurvivor\\seoulsurvival\\src\\persist\\storage.js": {"path":"C:\\Users\\HOME\\Documents\\Python\\clicksurvivor\\seoulsurvival\\src\\persist\\storage.js","statementMap":{"0":{"start":{"line":4,"column":2},"end":{"line":9,"column":3}},"1":{"start":{"line":5,"column":4},"end":{"line":5,"column":52}},"2":{"start":{"line":6,"column":4},"end":{"line":6,"column":15}},"3":{"start":{"line":8,"column":4},"end":{"line":8,"column":16}},"4":{"start":{"line":13,"column":2},"end":{"line":18,"column":3}},"5":{"start":{"line":14,"column":16},"end":{"line":14,"column":41}},"6":{"start":{"line":15,"column":4},"end":{"line":15,"column":43}},"7":{"start":{"line":17,"column":4},"end":{"line":17,"column":19}},"8":{"start":{"line":22,"column":2},"end":{"line":27,"column":3}},"9":{"start":{"line":23,"column":4},"end":{"line":23,"column":32}},"10":{"start":{"line":24,"column":4},"end":{"line":24,"column":15}},"11":{"start":{"line":26,"column":4},"end":{"line":26,"column":16}}},"fnMap":{"0":{"name":"safeSetJSON","decl":{"start":{"line":3,"column":16},"end":{"line":3,"column":27}},"loc":{"start":{"line":3,"column":40},"end":{"line":10,"column":1}},"line":3},"1":{"name":"safeGetJSON","decl":{"start":{"line":12,"column":16},"end":{"line":12,"column":27}},"loc":{"start":{"line":12,"column":50},"end":{"line":19,"column":1}},"line":12},"2":{"name":"safeRemove","decl":{"start":{"line":21,"column":16},"end":{"line":21,"column":26}},"loc":{"start":{"line":21,"column":32},"end":{"line":28,"column":1}},"line":21}},"branchMap":{"0":{"loc":{"start":{"line":12,"column":33},"end":{"line":12,"column":48}},"type":"default-arg","locations":[{"start":{"line":12,"column":44},"end":{"line":12,"column":48}}],"line":12},"1":{"loc":{"start":{"line":15,"column":11},"end":{"line":15,"column":43}},"type":"cond-expr","locations":[{"start":{"line":15,"column":17},"end":{"line":15,"column":32}},{"start":{"line":15,"column":35},"end":{"line":15,"column":43}}],"line":15}},"s":{"0":0,"1":0,"2":0,"3":0,"4":0,"5":0,"6":0,"7":0,"8":0,"9":0,"10":0,"11":0},"f":{"0":0,"1":0,"2":0},"b":{"0":[0],"1":[0,0]},"meta":{"lastBranch":2,"lastFunction":3,"lastStatement":12,"seen":{"f:3:16:3:27":0,"s:4:2:9:3":0,"s:5:4:5:52":1,"s:6:4:6:15":2,"s:8:4:8:16":3,"f:12:16:12:27":1,"b:12:44:12:48":0,"s:13:2:18:3":4,"s:14:16:14:41":5,"s:15:4:15:43":6,"b:15:17:15:32:15:35:15:43":1,"s:17:4:17:19":7,"f:21:16:21:26":2,"s:22:2:27:3":8,"s:23:4:23:32":9,"s:24:4:24:15":10,"s:26:4:26:16":11}}}
,"C:\\Users\\HOME\\Documents\\Python\\clicksurvivor\\seoulsurvival\\src\\state\\gameState.js": {"path":"C:\\Users\\HOME\\Documents\\Python\\clicksurvivor\\seoulsurvival\\src\\state\\gameState.js","statementMap":{"0":{"start":{"line":29,"column":23},"end":{"line":40,"column":null}},"1":{"start":{"line":43,"column":29},"end":{"line":46,"column":null}},"2":{"start":{"line":43,"column":65},"end":{"line":46,"column":1}},"3":{"start":{"line":49,"column":24},"end":{"line":49,"column":null}},"4":{"start":{"line":50,"column":39},"end":{"line":50,"column":null}},"5":{"start":{"line":51,"column":38},"end":{"line":51,"column":null}},"6":{"start":{"line":52,"column":28},"end":{"line":52,"column":null}},"7":{"start":{"line":57,"column":25},"end":{"line":146,"column":null}},"8":{"start":{"line":150,"column":32},"end":{"line":150,"column":null}},"9":{"start":{"line":151,"column":25},"end":{"line":151,"column":null}},"10":{"start":{"line":158,"column":2},"end":{"line":160,"column":null}},"11":{"start":{"line":159,"column":4},"end":{"line":159,"column":null}},"12":{"start":{"line":161,"column":2},"end":{"line":163,"column":null}},"13":{"start":{"line":162,"column":4},"end":{"line":162,"column":null}},"14":{"start":{"line":171,"column":2},"end":{"line":171,"column":null}},"15":{"start":{"line":173,"column":2},"end":{"line":187,"column":null}},"16":{"start":{"line":174,"column":4},"end":{"line":174,"column":null}},"17":{"start":{"line":174,"column":69},"end":{"line":174,"column":null}},"18":{"start":{"line":178,"column":16},"end":{"line":178,"column":null}},"19":{"start":{"line":179,"column":32},"end":{"line":179,"column":null}},"20":{"start":{"line":180,"column":4},"end":{"line":180,"column":null}},"21":{"start":{"line":180,"column":30},"end":{"line":180,"column":null}},"22":{"start":{"line":182,"column":4},"end":{"line":186,"column":null}},"23":{"start":{"line":183,"column":6},"end":{"line":183,"column":null}},"24":{"start":{"line":196,"column":2},"end":{"line":202,"column":null}},"25":{"start":{"line":209,"column":2},"end":{"line":215,"column":null}}},"fnMap":{"0":{"name":"(anonymous_0)","decl":{"start":{"line":43,"column":48},"end":{"line":43,"column":49}},"loc":{"start":{"line":43,"column":65},"end":{"line":46,"column":1}},"line":43},"1":{"name":"resetIncomeTablesToDefault","decl":{"start":{"line":157,"column":16},"end":{"line":157,"column":42}},"loc":{"start":{"line":157,"column":45},"end":{"line":164,"column":null}},"line":157},"2":{"name":"reapplyIncomeTableAffectingUpgradeEffects","decl":{"start":{"line":170,"column":16},"end":{"line":170,"column":57}},"loc":{"start":{"line":170,"column":68},"end":{"line":188,"column":null}},"line":170},"3":{"name":"getTotalFinancialProducts","decl":{"start":{"line":195,"column":16},"end":{"line":195,"column":41}},"loc":{"start":{"line":195,"column":44},"end":{"line":203,"column":null}},"line":195},"4":{"name":"getTotalProperties","decl":{"start":{"line":208,"column":16},"end":{"line":208,"column":34}},"loc":{"start":{"line":208,"column":37},"end":{"line":216,"column":null}},"line":208}},"branchMap":{"0":{"loc":{"start":{"line":174,"column":4},"end":{"line":174,"column":null}},"type":"if","locations":[{"start":{"line":174,"column":4},"end":{"line":174,"column":null}},{"start":{},"end":{}}],"line":174},"1":{"loc":{"start":{"line":174,"column":8},"end":{"line":174,"column":67}},"type":"binary-expr","locations":[{"start":{"line":174,"column":8},"end":{"line":174,"column":27}},{"start":{"line":174,"column":31},"end":{"line":174,"column":67}}],"line":174},"2":{"loc":{"start":{"line":179,"column":32},"end":{"line":179,"column":null}},"type":"binary-expr","locations":[{"start":{"line":179,"column":32},"end":{"line":179,"column":64}},{"start":{"line":179,"column":68},"end":{"line":179,"column":null}}],"line":179},"3":{"loc":{"start":{"line":180,"column":4},"end":{"line":180,"column":null}},"type":"if","locations":[{"start":{"line":180,"column":4},"end":{"line":180,"column":null}},{"start":{},"end":{}}],"line":180}},"s":{"0":4,"1":4,"2":40,"3":4,"4":4,"5":4,"6":4,"7":4,"8":4,"9":4,"10":2,"11":10,"12":2,"13":10,"14":0,"15":0,"16":0,"17":0,"18":0,"19":0,"20":0,"21":0,"22":0,"23":0,"24":4,"25":4},"f":{"0":40,"1":2,"2":0,"3":4,"4":4},"b":{"0":[0,0],"1":[0,0],"2":[0,0],"3":[0,0]},"meta":{"lastBranch":4,"lastFunction":5,"lastStatement":26,"seen":{"s:29:23:40:Infinity":0,"s:43:29:46:Infinity":1,"f:43:48:43:49":0,"s:43:65:46:1":2,"s:49:24:49:Infinity":3,"s:50:39:50:Infinity":4,"s:51:38:51:Infinity":5,"s:52:28:52:Infinity":6,"s:57:25:146:Infinity":7,"s:150:32:150:Infinity":8,"s:151:25:151:Infinity":9,"f:157:16:157:42":1,"s:158:2:160:Infinity":10,"s:159:4:159:Infinity":11,"s:161:2:163:Infinity":12,"s:162:4:162:Infinity":13,"f:170:16:170:57":2,"s:171:2:171:Infinity":14,"s:173:2:187:Infinity":15,"b:174:4:174:Infinity:undefined:undefined:undefined:undefined":0,"s:174:4:174:Infinity":16,"b:174:8:174:27:174:31:174:67":1,"s:174:69:174:Infinity":17,"s:178:16:178:Infinity":18,"s:179:32:179:Infinity":19,"b:179:32:179:64:179:68:179:Infinity":2,"b:180:4:180:Infinity:undefined:undefined:undefined:undefined":3,"s:180:4:180:Infinity":20,"s:180:30:180:Infinity":21,"s:182:4:186:Infinity":22,"s:183:6:183:Infinity":23,"f:195:16:195:41":3,"s:196:2:202:Infinity":24,"f:208:16:208:34":4,"s:209:2:215:Infinity":25}}}
,"C:\\Users\\HOME\\Documents\\Python\\clicksurvivor\\seoulsurvival\\src\\systems\\achievements.js": {"path":"C:\\Users\\HOME\\Documents\\Python\\clicksurvivor\\seoulsurvival\\src\\systems\\achievements.js","statementMap":{"0":{"start":{"line":8,"column":29},"end":{"line":8,"column":33}},"1":{"start":{"line":11,"column":4},"end":{"line":17,"column":6}},"2":{"start":{"line":12,"column":6},"end":{"line":16,"column":7}},"3":{"start":{"line":13,"column":8},"end":{"line":13,"column":35}},"4":{"start":{"line":14,"column":8},"end":{"line":14,"column":27}},"5":{"start":{"line":15,"column":8},"end":{"line":15,"column":69}},"6":{"start":{"line":20,"column":2},"end":{"line":20,"column":30}}},"fnMap":{"0":{"name":"createAchievementsSystem","decl":{"start":{"line":7,"column":16},"end":{"line":7,"column":40}},"loc":{"start":{"line":7,"column":61},"end":{"line":21,"column":1}},"line":7},"1":{"name":"checkAchievements","decl":{"start":{"line":10,"column":11},"end":{"line":10,"column":28}},"loc":{"start":{"line":10,"column":31},"end":{"line":18,"column":3}},"line":10},"2":{"name":"(anonymous_2)","decl":{"start":{"line":11,"column":25},"end":{"line":11,"column":36}},"loc":{"start":{"line":11,"column":40},"end":{"line":17,"column":5}},"line":11}},"branchMap":{"0":{"loc":{"start":{"line":12,"column":6},"end":{"line":16,"column":7}},"type":"if","locations":[{"start":{"line":12,"column":6},"end":{"line":16,"column":7}},{"start":{},"end":{}}],"line":12},"1":{"loc":{"start":{"line":12,"column":10},"end":{"line":12,"column":58}},"type":"binary-expr","locations":[{"start":{"line":12,"column":10},"end":{"line":12,"column":31}},{"start":{"line":12,"column":35},"end":{"line":12,"column":58}}],"line":12}},"s":{"0":0,"1":0,"2":0,"3":0,"4":0,"5":0,"6":0},"f":{"0":0,"1":0,"2":0},"b":{"0":[0,0],"1":[0,0]},"meta":{"lastBranch":2,"lastFunction":3,"lastStatement":7,"seen":{"f:7:16:7:40":0,"s:8:29:8:33":0,"f:10:11:10:28":1,"s:11:4:17:6":1,"f:11:25:11:36":2,"b:12:6:16:7:undefined:undefined:undefined:undefined":0,"s:12:6:16:7":2,"b:12:10:12:31:12:35:12:58":1,"s:13:8:13:35":3,"s:14:8:14:27":4,"s:15:8:15:69":5,"s:20:2:20:30":6}}}
,"C:\\Users\\HOME\\Documents\\Python\\clicksurvivor\\seoulsurvival\\src\\systems\\careerSystem.js": {"path":"C:\\Users\\HOME\\Documents\\Python\\clicksurvivor\\seoulsurvival\\src\\systems\\careerSystem.js","statementMap":{"0":{"start":{"line":30,"column":6},"end":{"line":30,"column":null}},"1":{"start":{"line":36,"column":4},"end":{"line":36,"column":null}},"2":{"start":{"line":36,"column":52},"end":{"line":36,"column":null}},"3":{"start":{"line":37,"column":4},"end":{"line":37,"column":null}},"4":{"start":{"line":44,"column":26},"end":{"line":44,"column":null}},"5":{"start":{"line":45,"column":28},"end":{"line":45,"column":null}},"6":{"start":{"line":46,"column":4},"end":{"line":46,"column":null}},"7":{"start":{"line":53,"column":24},"end":{"line":53,"column":null}},"8":{"start":{"line":54,"column":4},"end":{"line":54,"column":null}},"9":{"start":{"line":61,"column":24},"end":{"line":61,"column":null}},"10":{"start":{"line":62,"column":4},"end":{"line":62,"column":null}},"11":{"start":{"line":70,"column":24},"end":{"line":70,"column":null}},"12":{"start":{"line":71,"column":24},"end":{"line":71,"column":null}},"13":{"start":{"line":72,"column":23},"end":{"line":72,"column":null}},"14":{"start":{"line":74,"column":4},"end":{"line":136,"column":null}},"15":{"start":{"line":75,"column":29},"end":{"line":75,"column":null}},"16":{"start":{"line":76,"column":6},"end":{"line":76,"column":null}},"17":{"start":{"line":77,"column":24},"end":{"line":77,"column":null}},"18":{"start":{"line":78,"column":26},"end":{"line":78,"column":null}},"19":{"start":{"line":80,"column":6},"end":{"line":85,"column":null}},"20":{"start":{"line":88,"column":25},"end":{"line":88,"column":null}},"21":{"start":{"line":89,"column":6},"end":{"line":105,"column":null}},"22":{"start":{"line":90,"column":8},"end":{"line":90,"column":null}},"23":{"start":{"line":91,"column":8},"end":{"line":91,"column":null}},"24":{"start":{"line":93,"column":8},"end":{"line":104,"column":null}},"25":{"start":{"line":94,"column":10},"end":{"line":101,"column":null}},"26":{"start":{"line":95,"column":12},"end":{"line":95,"column":null}},"27":{"start":{"line":96,"column":12},"end":{"line":96,"column":null}},"28":{"start":{"line":98,"column":12},"end":{"line":98,"column":null}},"29":{"start":{"line":99,"column":12},"end":{"line":100,"column":null}},"30":{"start":{"line":103,"column":10},"end":{"line":103,"column":null}},"31":{"start":{"line":108,"column":25},"end":{"line":108,"column":null}},"32":{"start":{"line":109,"column":6},"end":{"line":114,"column":null}},"33":{"start":{"line":110,"column":8},"end":{"line":110,"column":null}},"34":{"start":{"line":111,"column":8},"end":{"line":113,"column":null}},"35":{"start":{"line":112,"column":10},"end":{"line":112,"column":null}},"36":{"start":{"line":117,"column":30},"end":{"line":117,"column":null}},"37":{"start":{"line":118,"column":6},"end":{"line":126,"column":null}},"38":{"start":{"line":119,"column":8},"end":{"line":125,"column":null}},"39":{"start":{"line":128,"column":6},"end":{"line":128,"column":null}},"40":{"start":{"line":129,"column":6},"end":{"line":129,"column":null}},"41":{"start":{"line":130,"column":6},"end":{"line":130,"column":null}},"42":{"start":{"line":131,"column":6},"end":{"line":131,"column":null}},"43":{"start":{"line":132,"column":6},"end":{"line":132,"column":null}},"44":{"start":{"line":133,"column":6},"end":{"line":133,"column":null}},"45":{"start":{"line":135,"column":6},"end":{"line":135,"column":null}},"46":{"start":{"line":137,"column":4},"end":{"line":137,"column":null}},"47":{"start":{"line":140,"column":2},"end":{"line":146,"column":null}}},"fnMap":{"0":{"name":"createCareerSystem","decl":{"start":{"line":22,"column":16},"end":{"line":22,"column":34}},"loc":{"start":{"line":22,"column":41},"end":{"line":147,"column":null}},"line":22},"1":{"name":"getCareerName","decl":{"start":{"line":35,"column":11},"end":{"line":35,"column":24}},"loc":{"start":{"line":35,"column":32},"end":{"line":38,"column":null}},"line":35},"2":{"name":"getClickIncome","decl":{"start":{"line":43,"column":11},"end":{"line":43,"column":25}},"loc":{"start":{"line":43,"column":28},"end":{"line":47,"column":null}},"line":43},"3":{"name":"getCurrentCareer","decl":{"start":{"line":52,"column":11},"end":{"line":52,"column":27}},"loc":{"start":{"line":52,"column":30},"end":{"line":55,"column":null}},"line":52},"4":{"name":"getNextCareer","decl":{"start":{"line":60,"column":11},"end":{"line":60,"column":24}},"loc":{"start":{"line":60,"column":27},"end":{"line":63,"column":null}},"line":60},"5":{"name":"checkCareerPromotion","decl":{"start":{"line":69,"column":11},"end":{"line":69,"column":31}},"loc":{"start":{"line":69,"column":34},"end":{"line":138,"column":null}},"line":69},"6":{"name":"(anonymous_6)","decl":{"start":{"line":93,"column":19},"end":{"line":93,"column":20}},"loc":{"start":{"line":93,"column":25},"end":{"line":104,"column":9}},"line":93},"7":{"name":"(anonymous_7)","decl":{"start":{"line":111,"column":19},"end":{"line":111,"column":20}},"loc":{"start":{"line":111,"column":25},"end":{"line":113,"column":9}},"line":111}},"branchMap":{"0":{"loc":{"start":{"line":36,"column":4},"end":{"line":36,"column":null}},"type":"if","locations":[{"start":{"line":36,"column":4},"end":{"line":36,"column":null}},{"start":{},"end":{}}],"line":36},"1":{"loc":{"start":{"line":36,"column":8},"end":{"line":36,"column":50}},"type":"binary-expr","locations":[{"start":{"line":36,"column":8},"end":{"line":36,"column":17}},{"start":{"line":36,"column":21},"end":{"line":36,"column":50}}],"line":36},"2":{"loc":{"start":{"line":62,"column":11},"end":{"line":62,"column":null}},"type":"cond-expr","locations":[{"start":{"line":62,"column":52},"end":{"line":62,"column":82}},{"start":{"line":62,"column":85},"end":{"line":62,"column":null}}],"line":62},"3":{"loc":{"start":{"line":74,"column":4},"end":{"line":136,"column":null}},"type":"if","locations":[{"start":{"line":74,"column":4},"end":{"line":136,"column":null}},{"start":{},"end":{}}],"line":74},"4":{"loc":{"start":{"line":74,"column":8},"end":{"line":74,"column":62}},"type":"binary-expr","locations":[{"start":{"line":74,"column":8},"end":{"line":74,"column":18}},{"start":{"line":74,"column":22},"end":{"line":74,"column":62}}],"line":74},"5":{"loc":{"start":{"line":89,"column":6},"end":{"line":105,"column":null}},"type":"if","locations":[{"start":{"line":89,"column":6},"end":{"line":105,"column":null}},{"start":{},"end
[...]
":{"line":219,"column":null}},"type":"if","locations":[{"start":{"line":214,"column":11},"end":{"line":219,"column":null}},{"start":{"line":217,"column":11},"end":{"line":219,"column":null}}],"line":214},"30":{"loc":{"start":{"line":222,"column":2},"end":{"line":237,"column":null}},"type":"if","locations":[{"start":{"line":222,"column":2},"end":{"line":237,"column":null}},{"start":{"line":226,"column":9},"end":{"line":237,"column":null}}],"line":222},"31":{"loc":{"start":{"line":226,"column":9},"end":{"line":237,"column":null}},"type":"if","locations":[{"start":{"line":226,"column":9},"end":{"line":237,"column":null}},{"start":{"line":230,"column":9},"end":{"line":237,"column":null}}],"line":226},"32":{"loc":{"start":{"line":230,"column":9},"end":{"line":237,"column":null}},"type":"if","locations":[{"start":{"line":230,"column":9},"end":{"line":237,"column":null}},{"start":{"line":234,"column":9},"end":{"line":237,"column":null}}],"line":230},"33":{"loc":{"start":{"line":248,"column":2},"end":{"line":261,"column":null}},"type":"if","locations":[{"start":{"line":248,"column":2},"end":{"line":261,"column":null}},{"start":{},"end":{}}],"line":248},"34":{"loc":{"start":{"line":249,"column":4},"end":{"line":260,"column":null}},"type":"if","locations":[{"start":{"line":249,"column":4},"end":{"line":260,"column":null}},{"start":{"line":252,"column":11},"end":{"line":260,"column":null}}],"line":249},"35":{"loc":{"start":{"line":252,"column":11},"end":{"line":260,"column":null}},"type":"if","locations":[{"start":{"line":252,"column":11},"end":{"line":260,"column":null}},{"start":{"line":255,"column":11},"end":{"line":260,"column":null}}],"line":252},"36":{"loc":{"start":{"line":255,"column":11},"end":{"line":260,"column":null}},"type":"if","locations":[{"start":{"line":255,"column":11},"end":{"line":260,"column":null}},{"start":{"line":258,"column":11},"end":{"line":260,"column":null}}],"line":255},"37":{"loc":{"start":{"line":263,"column":2},"end":{"line":277,"column":null}},"type":"if","locations":[{"start":{"line":263,"column":2},"end":{"line":277,"column":null}},{"start":{"line":267,"column":9},"end":{"line":277,"column":null}}],"line":263},"38":{"loc":{"start":{"line":267,"column":9},"end":{"line":277,"column":null}},"type":"if","locations":[{"start":{"line":267,"column":9},"end":{"line":277,"column":null}},{"start":{"line":271,"column":9},"end":{"line":277,"column":null}}],"line":267},"39":{"loc":{"start":{"line":271,"column":9},"end":{"line":277,"column":null}},"type":"if","locations":[{"start":{"line":271,"column":9},"end":{"line":277,"column":null}},{"start":{"line":275,"column":9},"end":{"line":277,"column":null}}],"line":271},"40":{"loc":{"start":{"line":288,"column":2},"end":{"line":303,"column":null}},"type":"if","locations":[{"start":{"line":288,"column":2},"end":{"line":303,"column":null}},{"start":{},"end":{}}],"line":288},"41":{"loc":{"start":{"line":289,"column":4},"end":{"line":302,"column":null}},"type":"if","locations":[{"start":{"line":289,"column":4},"end":{"line":302,"column":null}},{"start":{"line":293,"column":11},"end":{"line":302,"column":null}}],"line":289},"42":{"loc":{"start":{"line":293,"column":11},"end":{"line":302,"column":null}},"type":"if","locations":[{"start":{"line":293,"column":11},"end":{"line":302,"column":null}},{"start":{"line":297,"column":11},"end":{"line":302,"column":null}}],"line":293},"43":{"loc":{"start":{"line":297,"column":11},"end":{"line":302,"column":null}},"type":"if","locations":[{"start":{"line":297,"column":11},"end":{"line":302,"column":null}},{"start":{"line":300,"column":11},"end":{"line":302,"column":null}}],"line":297},"44":{"loc":{"start":{"line":305,"column":2},"end":{"line":315,"column":null}},"type":"if","locations":[{"start":{"line":305,"column":2},"end":{"line":315,"column":null}},{"start":{"line":309,"column":9},"end":{"line":315,"column":null}}],"line":305},"45":{"loc":{"start":{"line":309,"column":9},"end":{"line":315,"column":null}},"type":"if","locations":[{"start":{"line":309,"column":9},"end":{"line":315,"column":null}},{"start":{"line":313,"column":9},"end":{"line":315,"column":null}}],"line":309},"46":{"loc":{"start":{"line":335,"column":2},"end":{"line":369,"column":null}},"type":"if","locations":[{"start":{"line":335,"column":2},"end":{"line":369,"column":null}},{"start":{"line":343,"column":9},"end":{"line":369,"column":null}}],"line":335},"47":{"loc":{"start":{"line":343,"column":9},"end":{"line":369,"column":null}},"type":"if","locations":[{"start":{"line":343,"column":9},"end":{"line":369,"column":null}},{"start":{"line":351,"column":9},"end":{"line":369,"column":null}}],"line":343},"48":{"loc":{"start":{"line":351,"column":9},"end":{"line":369,"column":null}},"type":"if","locations":[{"start":{"line":351,"column":9},"end":{"line":369,"column":null}},{"start":{"line":359,"column":9},"end":{"line":369,"column":null}}],"line":351},"49":{"loc":{"start":{"line":359,"column":9},"end":{"line":369,"column":null}},"type":"if","locations":[{"start":{"line":359,"column":9},"end":{"line":369,"column":null}},{"start":{"line":367,"column":9},"end":{"line":369,"column":null}}],"line":359},"50":{"loc":{"start":{"line":378,"column":2},"end":{"line":412,"column":null}},"type":"if","locations":[{"start":{"line":378,"column":2},"end":{"line":412,"column":null}},{"start":{"line":386,"column":9},"end":{"line":412,"column":null}}],"line":378},"51":{"loc":{"start":{"line":386,"column":9},"end":{"line":412,"column":null}},"type":"if","locations":[{"start":{"line":386,"column":9},"end":{"line":412,"column":null}},{"start":{"line":394,"column":9},"end":{"line":412,"column":null}}],"line":386},"52":{"loc":{"start":{"line":394,"column":9},"end":{"line":412,"column":null}},"type":"if","locations":[{"start":{"line":394,"column":9},"end":{"line":412,"column":null}},{"start":{"line":402,"column":9},"end":{"line":412,"column":null}}],"line":394},"53":{"loc":{"start":{"line":402,"column":9},"end":{"line":412,"column":null}},"type":"if","locations":[{"start":{"line":402,"column":9},"end":{"line":412,"column":null}},{"start":{"line":410,"column":9},"end":{"line":412,"column":null}}],"line":402},"54":{"loc":{"start":{"line":423,"column":2},"end":{"line":428,"column":null}},"type":"if","locations":[{"start":{"line":423,"column":2},"end":{"line":428,"column":null}},{"start":{},"end":{}}],"line":423},"55":{"loc":{"start":{"line":424,"column":4},"end":{"line":426,"column":null}},"type":"if","locations":[{"start":{"line":424,"column":4},"end":{"line":426,"column":null}},{"start":{},"end":{}}],"line":424},"56":{"loc":{"start":{"line":429,"column":2},"end":{"line":431,"column":null}},"type":"if","locations":[{"start":{"line":429,"column":2},"end":{"line":431,"column":null}},{"start":{},"end":{}}],"line":429},"57":{"loc":{"start":{"line":441,"column":2},"end":{"line":441,"column":null}},"type":"if","locations":[{"start":{"line":441,"column":2},"end":{"line":441,"column":null}},{"start":{},"end":{}}],"line":441},"58":{"loc":{"start":{"line":441,"column":6},"end":{"line":441,"column":20}},"type":"binary-expr","locations":[{"start":{"line":441,"column":6},"end":{"line":441,"column":9}},{"start":{"line":441,"column":13},"end":{"line":441,"column":20}}],"line":441},"59":{"loc":{"start":{"line":443,"column":2},"end":{"line":443,"column":null}},"type":"if","locations":[{"start":{"line":443,"column":2},"end":{"line":443,"column":null}},{"start":{},"end":{}}],"line":443},"60":{"loc":{"start":{"line":446,"column":2},"end":{"line":446,"column":null}},"type":"if","locations":[{"start":{"line":446,"column":2},"end":{"line":446,"column":null}},{"start":{},"end":{}}],"line":446},"61":{"loc":{"start":{"line":446,"column":20},"end":{"line":446,"column":null}},"type":"cond-expr","locations":[{"start":{"line":446,"column":24},"end":{"line":446,"column":38}},{"start":{"line":446,"column":41},"end":{"line":446,"column":null}}],"line":446},"62":{"loc":{"start":{"line":456,"column":2},"end":{"line":456,"column":null}},"type":"if","locations":[{"start":{"line":456,"column":2},"end":{"line":456,"column":null}},{"start":{},"end":{}}],"line":456},"63":{"loc":{"start":{"line":456,"column":6},"end":{"line":456,"column":20}},"type":"binary-expr","locations":[{"start":{"line":456,"column":6},"end":{"line":456,"column":9}},{"start":{"line":456,"column":13},"end":{"line":456,"column":20}}],"line":456},"64":{"loc":{"start":{"line":458,"column":2},"end":{"line":458,"column":null}},"type":"if","locations":[{"start":{"line":458,"column":2},"end":{"line":458,"column":null}},{"start":{},"end":{}}],"line":458},"65":{"loc":{"start":{"line":461,"column":2},"end":{"line":461,"column":30}},"type":"if","locations":[{"start":{"line":461,"column":2},"end":{"line":461,"column":30}},{"start":{},"end":{}}],"line":461},"66":{"loc":{"start":{"line":462,"column":2},"end":{"line":462,"column":null}},"type":"if","locations":[{"start":{"line":462,"column":2},"end":{"line":462,"column":null}},{"start":{},"end":{}}],"line":462}},"s":{"0":16,"1":2,"2":2,"3":14,"4":4,"5":4,"6":10,"7":4,"8":4,"9":6,"10":3,"11":3,"12":3,"13":16,"14":16,"15":3,"16":13,"17":2,"18":2,"19":2,"20":11,"21":3,"22":3,"23":8,"24":3,"25":3,"26":5,"27":2,"28":2,"29":3,"30":0,"31":0,"32":0,"33":0,"34":0,"35":0,"36":0,"37":0,"38":0,"39":0,"40":0,"41":0,"42":0,"43":0,"44":0,"45":0,"46":0,"47":0,"48":0,"49":0,"50":5,"51":5,"52":0,"53":5,"54":2,"55":3,"56":1,"57":1,"58":2,"59":1,"60":1,"61":1,"62":1,"63":1,"64":0,"65":0,"66":0,"67":0,"68":0,"69":12,"70":12,"71":12,"72":3,"73":1,"74":1,"75":2,"76":1,"77":1,"78":1,"79":0,"80":0,"81":1,"82":0,"83":0,"84":1,"85":9,"86":3,"87":3,"88":6,"89":2,"90":2,"91":4,"92":2,"93":2,"94":2,"95":8,"96":8,"97":2,"98":1,"99":1,"100":1,"101":1,"102":1,"103":0,"104":0,"105":0,"106":0,"107":6,"108":2,"109":2,"110":4,"111":2,"112":2,"113":2,"114":1,"115":1,"116":1,"117":3,"118":3,"119":0,"120":0,"121":0,"122":0,"123":0,"124":0,"125":0,"126":0,"127":0,"128":0,"129":3,"130":2,"131":2,"132":1,"133":1,"134":1,"135":0,"136":0,"137":0,"138":0,"139":0,"140":0,"141":0,"142":0,"143":0,"144":0,"145":0,"146":0,"147":0,"148":0,"149":0,"150":0,"151":0,"152":0,"153":0,"154":0,"155":0,"156":0,"157":0,"158":0,"159":0,"160":0,"161":0,"162":0,"163":0,"164":0,"165":0,"166":0,"167":0,"168":0,"169":0,"170":0,"171":8,"172":2,"173":6,"174":6,"175":1,"176":5,"177":5,"178":5,"179":3,"180":2,"181":9,"182":2,"183":7,"184":7,"185":1,"186":6,"187":6,"188":6,"189":2,"190":4,"191":4,"192":2},"f":{"0":16,"1":16,"2":0,"3":0,"4":5,"5":0,"6":12,"7":8,"8":3,"9":0,"10":0,"11":0,"12":0,"13":8,"14":9},"b":{"0":[2,14],"1":[4,10],"2":[4,6],"3":[3,3],"4":[3,13],"5":[2,11],"6":[2,0],"7":[3,8],"8":[3,5],"9":[2,3],"10":[0],"11":[0,0],"12":[0,0],"13":[0,0],"14":[0,0],"15":[0,0],"16":[0,0],"17":[0,0],"18":[0,5],"19":[2,3],"20":[1,2],"21":[1,1],"22":[1,0],"23":[0,0],"24":[12,1],"25":[3,9],"26":[1,2],"27":[1,1],"28":[0,1],"29":[0,1],"30":[3,6],"31":[2,4],"32":[2,2],"33":[2,6],"34":[1,1],"35":[1,0],"36":[0,0],"37":[2,4],"38":[2,2],"39":[1,1],"40":[0,3],"41":[0,0],"42":[0,0],"43":[0,0],"44":[2,1],"45":[1,0],"46":[0,0],"47":[0,0],"48":[0,0],"49":[0,0],"50":[0,0],"51":[0,0],"52":[0,0],"53":[0,0],"54":[0,0],"55":[0,0],"56":[0,0],"57":[2,6],"58":[8,7],"59":[1,5],"60":[3,2],"61":[1,2],"62":[2,7],"63":[9,8],"64":[1,6],"65":[2,4],"66":[2,2]},"meta":{"lastBranch":67,"lastFunction":15,"lastStatement":193,"seen":{"f:17:16:17:35":0,"b:18:2:32:Infinity:21:9:32:Infinity":0,"s:18:2:32:Infinity":0,"s:19:18:19:Infinity":1,"s:20:4:20:Infinity":2,"b:21:9:32:Infinity:24:9:32:Infinity":1,"s:21:9:32:Infinity":3,"s:22:18:22:Infinity":4,"s:23:4:23:Infinity":5,"b:24:9:32:Infinity:27:9:32:Infinity":2,"s:24:9:32:Infinity":6,"s:25:18:25:Infinity":7,"s:26:4:26:Infinity":8,"b:27:9:32:Infinity:30:9:32:Infinity":3,"s:27:9:32:Infinity":9,"s:28:18:28:Infinity":10,"s:29:4:29:Infinity":11,"s:31:4:31:Infinity":12,"f:41:16:41:34":1,"s:43:21:43:Infinity":13,"b:44:2:46:Infinity:undefined:undefined:undefined:undefined":4,"s:44:2:46:Infinity":14,"s:45:4:45:Infinity":15,"b:50:2:65:Infinity:54:9:65:Infinity":5,"s:50:2:65:Infinity":16,"s:51:18:51:Infinity":17,"s:52:22:52:Infinity":18,"b:52:40:52:69:52:72:52:Infinity":6,"s:53:4:53:Infinity":19,"b:54:9:65:Infinity:57:9:65:Infinity":7,"s:54:9:65:Infinity":20,"s:55:18:55:Infinity":21,"s:56:4:56:Infinity":22,"b:57:9:65:Infinity:60:9:65:Infinity":8,"s:57:9:65:Infinity":23,"s:58:18:58:Infinity":24,"s:59:4:59:Infinity":25,"b:60:9:65:Infinity:63:9:65:Infinity":9,"s:60:9:65:Infinity":26,"s:61:18:61:Infinity":27,"s:62:4:62:Infinity":28,"s:64:4:64:Infinity":29,"f:74:16:74:35":2,"b:74:48:74:52":10,"b:75:2:82:Infinity:undefined:undefined:undefined:undefined":11,"s:75:2:82:Infinity":30,"b:77:4:81:Infinity:79:11:81:Infinity":12,"s:77:4:81:Infinity":31,"s:78:6:78:Infinity":32,"s:80:6:80:Infinity":33,"s:84:2:84:Infinity":34,"f:93:16:93:40":3,"b:94:2:96:Infinity:undefined:undefined:undefined:undefined":13,"s:94:2:96:Infinity":35,"s:95:4:95:Infinity":36,"b:98:2:127:Infinity:106:9:127:Infinity":14,"s:98:2:127:Infinity":37,"s:99:18:99:Infinity":38,"s:100:4:105:Infinity":39,"b:106:9:127:Infinity:114:9:127:Infinity":15,"s:106:9:127:Infinity":40,"s:107:18:107:Infinity":41,"s:108:4:113:Infinity":42,"b:114:9:127:Infinity:122:9:127:Infinity":16,"s:114:9:127:Infinity":43,"s:115:18:115:Infinity":44,"s:116:4:121:Infinity":45,"b:122:9:127:Infinity:125:9:127:Infinity":17,"s:122:9:127:Infinity":46,"s:123:14:123:Infinity":47,"s:124:4:124:Infinity":48,"s:126:4:126:Infinity":49,"f:140:16:140:33":4,"s:141:21:141:Infinity":50,"b:142:2:144:Infinity:undefined:undefined:undefined:undefined":18,"s:142:2:144:Infinity":51,"s:143:4:143:Infinity":52,"b:146:2:148:Infinity:undefined:undefined:undefined:undefined":19,"s:146:2:148:Infinity":53,"s:147:4:147:Infinity":54,"b:150:2:179:Infinity:158:9:179:Infinity":20,"s:150:2:179:Infinity":55,"s:151:18:151:Infinity":56,"s:152:4:157:Infinity":57,"b:158:9:179:Infinity:166:9:179:Infinity":21,"s:158:9:179:Infinity":58,"s:159:18:159:Infinity":59,"s:160:4:165:Infinity":60,"b:166:9:179:Infinity:174:9:179:Infinity":22,"s:166:9:179:Infinity":61,"s:167:18:167:Infinity":62,"s:168:4:173:Infinity":63,"b:174:9:179:Infinity:177:9:179:Infinity":23,"s:174:9:179:Infinity":64,"s:175:18:175:Infinity":65,"s:176:4:176:Infinity":66,"s:178:4:178:Infinity":67,"f:188:16:188:32":5,"s:189:2:189:Infinity":68,"f:200:16:200:39":6,"s:201:21:201:Infinity":69,"s:202:22:202:Infinity":70,"b:202:33:202:36:202:40:202:41":24,"b:204:2:220:Infinity:undefined:undefined:undefined:undefined":25,"s:204:2:220:Infinity":71,"b:205:4:219:Infinity:208:11:219:Infinity":26,"s:205:4:219:Infinity":72,"s:206:20:206:Infinity":73,"s:207:6:207:Infinity":74,"b:208:11:219:Infinity:211:11:219:Infinity":27,"s:208:11:219:Infinity":75,"s:209:20:209:Infinity":76,"s:210:6:210:Infinity":77,"b:211:11:219:Infinity:214:11:219:Infinity":28,"s:211:11:219:Infinity":78,"s:212:20:212:Infinity":79,"s:213:6:213:Infinity":80,"b:214:11:219:Infinity:217:11:219:Infinity":29,"s:214:11:219:Infinity":81,"s:215:20:215:Infinity":82,"s:216:6:216:Infinity":83,"s:218:6:218:Infinity":84,"b:222:2:237:Infinity:226:9:237:Infinity":30,"s:222:2:237:Infinity":85,"s:224:18:224:Infinity":86,"s:225:4:225:Infinity":87,"b:226:9:237:Infinity:230:9:237:Infinity":31,"s:226:9:237:Infinity":88,"s:228:18:228:Infinity":89,"s:229:4:229:Infinity":90,"b:230:9:237:Infinity:234:9:237:Infinity":32,"s:230:9:237:Infinity":91,"s:232:18:232:Infinity":92,"s:233:4:233:Infinity":93,"s:236:4:236:Infinity":94,"f:245:16:245:36":7,"s:246:21:246:Infinity":95,"b:248:2:261:Infinity:undefined:undefined:undefined:undefined":33,"s:248:2:261:Infinity":96,"b:249:4:260:Infinity:252:11:260:Infinity":34,"s:249:4:260:Infinity":97,"s:250:16:250:Infinity":98,"s:251:6:251:Infinity":99,"b:252:11:260:Infinity:255:11:260:Infinity":35,"s:252:11:260:Infinity":100,"s:253:16:253:Infinity":101,"s:254:6:254:Infinity":102,"b:255:11:260:Infinity:258:11:260:Infinity":36,"s:255:11:260:Infinity":103,"s:256:16:256:Infinity":104,"s:257:6:257:Infinity":105,"s:259:6:259:Infinity":106,"b:263:2:277:Infinity:267:9:277:Infinity":37,"s:263:2:277:Infinity":107,"s:265:16:265:Infinity":108,"s:266:4:266:Infinity":109,"b:267:9:277:Infinity:271:9:277:Infinity":38,"s:267:9:277:Infinity":110,"s:269:16:269:Infinity":111,"s:270:4:270:Infinity":112,"b:271:9:277:Infinity:275:9:277:Infinity":39,"s:271:9:277:Infinity":113,"s:273:18:273:Infinity":114,"s:274:4:274:Infinity":115,"s:276:4:276:Infinity":116,"f:285:16:285:35":8,"s:286:21:286:Infinity":117,"b:288:2:303:Infinity:undefined:undefined:undefined:undefined":40,"s:288:2:303:Infinity":118,"b:289:4:302:Infinity:293:11:302:Infinity":41,"s:289:4:302:Infinity":119,"s:291:16:291:Infinity":120,"s:292:6:292:Infinity":121,"b:293:11:302:Infinity:297:11:302:Infinity":42,"s:293:11:302:Infinity":122,"s:295:16:295:Infinity":123,"s:296:6:296:Infinity":124,"b:297:11:302:Infinity:300:11:302:Infinity":43,"s:297:11:302:Infinity":125,"s:298:16:298:Infinity":126,"s:299:6:299:Infinity":127,"s:301:6:301:Infinity":128,"b:305:2:315:Infinity:309:9:315:Infinity":44,"s:305:2:315:Infinity":129,"s:307:16:307:Infinity":130,"s:308:4:308:Infinity":131,"b:309:9:315:Infinity:313:9:315:Infinity":45,"s:309:9:315:Infinity":132,"s:311:16:311:Infinity":133,"s:312:4:312:Infinity":134,"s:314:4:314:Infinity":135,"f:324:16:324:33":9,"s:325:2:325:Infinity":136,"f:334:16:334:40":10,"b:335:2:369:Infinity:343:9:369:Infinity":46,"s:335:2:369:Infinity":137,"s:336:18:336:Infinity":138,"s:337:4:342:Infinity":139,"b:343:9:369:Infinity:351:9:369:Infinity":47,"s:343:9:369:Infinity":140,"s:344:18:344:Infinity":141,"s:345:4:350:Infinity":142,"b:351:9:369:Infinity:359:9:369:Infinity":48,"s:351:9:369:Infinity":143,"s:352:18:352:Infinity":144,"s:353:4:358:Infinity":145,"b:359:9:369:Infinity:367:9:369:Infinity":49,"s:359:9:369:Infinity":146,"s:360:18:360:Infinity":147,"s:361:4:366:Infinity":148,"s:368:4:368:Infinity":149,"f:377:16:377:41":11,"b:378:2:412:Infinity:386:9:412:Infinity":50,"s:378:2:412:Infinity":150,"s:379:18:379:Infinity":151,"s:380:4:385:Infinity":152,"b:386:9:412:Infinity:394:9:412:Infinity":51,"s:386:9:412:Infinity":153,"s:387:18:387:Infinity":154,"s:388:4:393:Infinity":155,"b:394:9:412:Infinity:402:9:412:Infinity":52,"s:394:9:412:Infinity":156,"s:395:18:395:Infinity":157,"s:396:4:401:Infinity":158,"b:402:9:412:Infinity:410:9:412:Infinity":53,"s:402:9:412:Infinity":159,"s:403:18:403:Infinity":160,"s:404:4:409:Infinity":161,"s:411:4:411:Infinity":162,"f:421:16:421:39":12,"s:422:21:422:Infinity":163,"b:423:2:428:Infinity:undefined:undefined:undefined:undefined":54,"s:423:2:428:Infinity":164,"b:424:4:426:Infinity:undefined:undefined:undefined:undefined":55,"s:424:4:426:Infinity":165,"s:425:6:425:Infinity":166,"s:427:4:427:Infinity":167,"b:429:2:431:Infinity:undefined:undefined:undefined:undefined":56,"s:429:2:431:Infinity":168,"s:430:4:430:Infinity":169,"s:432:2:432:Infinity":170,"f:440:16:440:32":13,"b:441:2:441:Infinity:undefined:undefined:undefined:undefined":57,"s:441:2:441:Infinity":171,"b:441:6:441:9:441:13:441:20":58,"s:441:22:441:Infinity":172,"s:442:18:442:Infinity":173,"b:443:2:443:Infinity:undefined:undefined:undefined:undefined":59,"s:443:2:443:Infinity":174,"s:443:20:443:Infinity":175,"s:444:12:444:Infinity":176,"s:445:12:445:Infinity":177,"b:446:2:446:Infinity:undefined:undefined:undefined:undefined":60,"s:446:2:446:Infinity":178,"s:446:13:446:Infinity":179,"b:446:24:446:38:446:41:446:Infinity":61,"s:447:2:447:Infinity":180,"f:455:16:455:37":14,"b:456:2:456:Infinity:undefined:undefined:undefined:undefined":62,"s:456:2:456:Infinity":181,"b:456:6:456:9:456:13:456:20":63,"s:456:22:456:Infinity":182,"s:457:18:457:Infinity":183,"b:458:2:458:Infinity:undefined:undefined:undefined:undefined":64,"s:458:2:458:Infinity":184,"s:458:20:458:Infinity":185,"s:459:12:459:Infinity":186,"s:460:12:460:Infinity":187,"b:461:2:461:30:undefined:undefined:undefined:undefined":65,"s:461:2:461:30":188,"s:461:16:461:30":189,"b:462:2:462:Infinity:undefined:undefined:undefined:undefined":66,"s:462:2:462:Infinity":190,"s:462:13:462:Infinity":191,"s:463:2:463:Infinity":192}}}
}
